0 verbose cli /usr/local/bin/node /usr/local/bin/npm
1 info using npm@11.11.0
2 info using node@v24.14.1
3 silly config load:file:/usr/local/lib/node_modules/npm/npmrc
4 silly config load:file:/Users/timonliu/Downloads/college-ride-preview/.npmrc
5 silly config load:file:/Users/timonliu/.npmrc
6 silly config load:file:/usr/local/etc/npmrc
7 verbose title npm install
8 verbose argv "install"
9 verbose logfile logs-max:10 dir:/Users/timonliu/Downloads/college-ride-preview/.npm-cache/_logs/2026-03-30T21_17_41_082Z-
10 verbose logfile /Users/timonliu/Downloads/college-ride-preview/.npm-cache/_logs/2026-03-30T21_17_41_082Z-debug-0.log
11 silly logfile done cleaning log files
12 silly packumentCache heap:4496293888 maxSize:1124073472 maxEntrySize:562036736
13 silly idealTree buildDeps
14 silly fetch manifest react@^18.3.1
15 silly packumentCache full:https://registry.npmjs.org/react cache-miss
16 http fetch GET 200 https://registry.npmjs.org/react 221ms (cache miss)
17 silly packumentCache full:https://registry.npmjs.org/react set size:undefined disposed:false
18 silly fetch manifest react-dom@^18.3.1
19 silly packumentCache full:https://registry.npmjs.org/react-dom cache-miss
20 http fetch GET 200 https://registry.npmjs.org/react-dom 189ms (cache miss)
21 silly packumentCache full:https://registry.npmjs.org/react-dom set size:undefined disposed:false
22 silly fetch manifest @vitejs/plugin-react@^4.3.4
23 silly packumentCache full:https://registry.npmjs.org/@vitejs%2fplugin-react cache-miss
24 http fetch GET 200 https://registry.npmjs.org/@vitejs%2fplugin-react 62ms (cache miss)
25 silly packumentCache full:https://registry.npmjs.org/@vitejs%2fplugin-react set size:undefined disposed:false
26 silly fetch manifest vite@^6.0.3
27 silly packumentCache full:https://registry.npmjs.org/vite cache-miss
28 http fetch GET 200 https://registry.npmjs.org/vite 957ms (cache miss)
29 silly packumentCache full:https://registry.npmjs.org/vite set size:undefined disposed:false
30 silly fetch manifest @types/node@^18.0.0 || ^20.0.0 || >=22.0.0
31 silly packumentCache full:https://registry.npmjs.org/@types%2fnode cache-miss
32 http fetch GET 200 https://registry.npmjs.org/@types%2fnode 253ms (cache miss)
33 silly packumentCache full:https://registry.npmjs.org/@types%2fnode set size:undefined disposed:false
34 silly fetch manifest jiti@>=1.21.0
35 silly packumentCache full:https://registry.npmjs.org/jiti cache-miss
36 http fetch GET 200 https://registry.npmjs.org/jiti 42ms (cache miss)
37 silly packumentCache full:https://registry.npmjs.org/jiti set size:undefined disposed:false
38 silly fetch manifest less@*
39 silly packumentCache full:https://registry.npmjs.org/less cache-miss
40 http fetch GET 200 https://registry.npmjs.org/less 37ms (cache miss)
41 silly packumentCache full:https://registry.npmjs.org/less set size:undefined disposed:false
42 silly fetch manifest lightningcss@^1.21.0
43 silly packumentCache full:https://registry.npmjs.org/lightningcss cache-miss
44 http fetch GET 200 https://registry.npmjs.org/lightningcss 35ms (cache miss)
45 silly packumentCache full:https://registry.npmjs.org/lightningcss set size:undefined disposed:false
46 silly fetch manifest sass@*
47 silly packumentCache full:https://registry.npmjs.org/sass cache-miss
48 http fetch GET 200 https://registry.npmjs.org/sass 2056ms (cache miss)
49 silly packumentCache full:https://registry.npmjs.org/sass set size:undefined disposed:false
50 silly fetch manifest sass-embedded@*
51 silly packumentCache full:https://registry.npmjs.org/sass-embedded cache-miss
52 http fetch GET 200 https://registry.npmjs.org/sass-embedded 72ms (cache miss)
53 silly packumentCache full:https://registry.npmjs.org/sass-embedded set size:undefined disposed:false
54 silly fetch manifest stylus@*
55 silly packumentCache full:https://registry.npmjs.org/stylus cache-miss
56 http fetch GET 200 https://registry.npmjs.org/stylus 72ms (cache miss)
57 silly packumentCache full:https://registry.npmjs.org/stylus set size:undefined disposed:false
58 silly fetch manifest sugarss@*
59 silly packumentCache full:https://registry.npmjs.org/sugarss cache-miss
60 http fetch GET 200 https://registry.npmjs.org/sugarss 45ms (cache miss)
61 silly packumentCache full:https://registry.npmjs.org/sugarss set size:undefined disposed:false
62 silly fetch manifest postcss@^8.3.3
63 silly packumentCache full:https://registry.npmjs.org/postcss cache-miss
64 http fetch GET 200 https://registry.npmjs.org/postcss 106ms (cache miss)
65 silly packumentCache full:https://registry.npmjs.org/postcss set size:undefined disposed:false
66 silly fetch manifest terser@^5.16.0
67 silly packumentCache full:https://registry.npmjs.org/terser cache-miss
68 http fetch GET 200 https://registry.npmjs.org/terser 89ms (cache miss)
69 silly packumentCache full:https://registry.npmjs.org/terser set size:undefined disposed:false
70 silly fetch manifest tsx@^4.8.1
71 silly packumentCache full:https://registry.npmjs.org/tsx cache-miss
72 http fetch GET 200 https://registry.npmjs.org/tsx 38ms (cache miss)
73 silly packumentCache full:https://registry.npmjs.org/tsx set size:undefined disposed:false
74 silly fetch manifest yaml@^2.4.2
75 silly packumentCache full:https://registry.npmjs.org/yaml cache-miss
76 http fetch GET 200 https://registry.npmjs.org/yaml 50ms (cache miss)
77 silly packumentCache full:https://registry.npmjs.org/yaml set size:undefined disposed:false
78 silly placeDep ROOT @vitejs/plugin-react@4.7.0 OK for: college-ride-preview@0.0.0 want: ^4.3.4
79 silly placeDep ROOT vite@6.4.1 OK for: @vitejs/plugin-react@4.7.0 want: ^4.2.0 || ^5.0.0 || ^6.0.0 || ^7.0.0
80 silly placeDep ROOT react@18.3.1 OK for: college-ride-preview@0.0.0 want: ^18.3.1
81 silly placeDep ROOT react-dom@18.3.1 OK for: college-ride-preview@0.0.0 want: ^18.3.1
82 silly fetch manifest @babel/core@^7.28.0
83 silly packumentCache full:https://registry.npmjs.org/@babel%2fcore cache-miss
84 silly fetch manifest react-refresh@^0.17.0
85 silly packumentCache full:https://registry.npmjs.org/react-refresh cache-miss
86 silly fetch manifest @types/babel__core@^7.20.5
87 silly packumentCache full:https://registry.npmjs.org/@types%2fbabel__core cache-miss
88 silly fetch manifest @rolldown/pluginutils@1.0.0-beta.27
89 silly packumentCache full:https://registry.npmjs.org/@rolldown%2fpluginutils cache-miss
90 silly fetch manifest @babel/plugin-transform-react-jsx-self@^7.27.1
91 silly packumentCache full:https://registry.npmjs.org/@babel%2fplugin-transform-react-jsx-self cache-miss
92 silly fetch manifest @babel/plugin-transform-react-jsx-source@^7.27.1
93 silly packumentCache full:https://registry.npmjs.org/@babel%2fplugin-transform-react-jsx-source cache-miss
94 silly fetch manifest fdir@^6.4.4
95 silly packumentCache full:https://registry.npmjs.org/fdir cache-miss
96 silly fetch manifest rollup@^4.34.9
97 silly packumentCache full:https://registry.npmjs.org/rollup cache-miss
98 silly fetch manifest esbuild@^0.25.0
99 silly packumentCache full:https://registry.npmjs.org/esbuild cache-miss
100 http fetch GET 200 https://registry.npmjs.org/@babel%2fcore 83ms (cache miss)
101 silly packumentCache full:https://registry.npmjs.org/@babel%2fcore set size:undefined disposed:false
102 silly fetch manifest postcss@^8.5.3
103 silly packumentCache full:https://registry.npmjs.org/postcss cache-miss
104 http cache https://registry.npmjs.org/postcss 3ms (cache hit)
105 silly packumentCache full:https://registry.npmjs.org/postcss set size:702266 disposed:false
106 silly fetch manifest picomatch@^4.0.2
107 silly packumentCache full:https://registry.npmjs.org/picomatch cache-miss
108 http fetch GET 200 https://registry.npmjs.org/fdir 102ms (cache miss)
109 silly packumentCache full:https://registry.npmjs.org/fdir set size:undefined disposed:false
110 silly fetch manifest tinyglobby@^0.2.13
111 silly packumentCache full:https://registry.npmjs.org/tinyglobby cache-miss
112 http fetch GET 200 https://registry.npmjs.org/@babel%2fplugin-transform-react-jsx-source 118ms (cache miss)
113 silly packumentCache full:https://registry.npmjs.org/@babel%2fplugin-transform-react-jsx-source set size:undefined disposed:false
114 silly fetch manifest fsevents@~2.3.3
115 silly packumentCache full:https://registry.npmjs.org/fsevents cache-miss
116 http fetch GET 200 https://registry.npmjs.org/@babel%2fplugin-transform-react-jsx-self 120ms (cache miss)
117 silly packumentCache full:https://registry.npmjs.org/@babel%2fplugin-transform-react-jsx-self set size:undefined disposed:false
118 silly fetch manifest loose-envify@^1.1.0
119 silly packumentCache full:https://registry.npmjs.org/loose-envify cache-miss
120 http fetch GET 200 https://registry.npmjs.org/@rolldown%2fpluginutils 142ms (cache miss)
121 silly packumentCache full:https://registry.npmjs.org/@rolldown%2fpluginutils set size:undefined disposed:false
122 silly fetch manifest scheduler@^0.23.2
123 silly packumentCache full:https://registry.npmjs.org/scheduler cache-miss
124 http fetch GET 200 https://registry.npmjs.org/tinyglobby 43ms (cache miss)
125 silly packumentCache full:https://registry.npmjs.org/tinyglobby set size:undefined disposed:false
126 silly fetch manifest loose-envify@^1.1.0
127 silly packumentCache full:https://registry.npmjs.org/loose-envify cache-miss
128 http fetch GET 200 https://registry.npmjs.org/picomatch 59ms (cache miss)
129 silly packumentCache full:https://registry.npmjs.org/picomatch set size:undefined disposed:false
130 http fetch GET 200 https://registry.npmjs.org/@types%2fbabel__core 173ms (cache miss)
131 silly packumentCache full:https://registry.npmjs.org/@types%2fbabel__core set size:undefined disposed:false
132 http fetch GET 200 https://registry.npmjs.org/fsevents 57ms (cache miss)
133 silly packumentCache full:https://registry.npmjs.org/fsevents set size:undefined disposed:false
134 http fetch GET 200 https://registry.npmjs.org/esbuild 177ms (cache miss)
135 silly packumentCache full:https://registry.npmjs.org/esbuild set size:undefined disposed:false
136 http fetch GET 200 https://registry.npmjs.org/loose-envify 63ms (cache miss)
137 silly packumentCache full:https://registry.npmjs.org/loose-envify set size:undefined disposed:false
138 http fetch GET 200 https://registry.npmjs.org/loose-envify 38ms (cache miss)
139 silly packumentCache full:https://registry.npmjs.org/loose-envify set size:undefined disposed:false
140 http fetch GET 200 https://registry.npmjs.org/react-refresh 208ms (cache miss)
141 silly packumentCache full:https://registry.npmjs.org/react-refresh set size:undefined disposed:false
142 http fetch GET 200 https://registry.npmjs.org/rollup 220ms (cache miss)
143 silly packumentCache full:https://registry.npmjs.org/rollup set size:undefined disposed:false
144 http fetch GET 200 https://registry.npmjs.org/scheduler 127ms (cache miss)
145 silly packumentCache full:https://registry.npmjs.org/scheduler set size:undefined disposed:false
146 silly placeDep ROOT @babel/core@7.29.0 OK for: @vitejs/plugin-react@4.7.0 want: ^7.28.0
147 silly placeDep ROOT @babel/plugin-transform-react-jsx-self@7.27.1 OK for: @vitejs/plugin-react@4.7.0 want: ^7.27.1
148 silly placeDep ROOT @babel/plugin-transform-react-jsx-source@7.27.1 OK for: @vitejs/plugin-react@4.7.0 want: ^7.27.1
149 silly placeDep ROOT @rolldown/pluginutils@1.0.0-beta.27 OK for: @vitejs/plugin-react@4.7.0 want: 1.0.0-beta.27
150 silly placeDep ROOT @types/babel__core@7.20.5 OK for: @vitejs/plugin-react@4.7.0 want: ^7.20.5
151 silly placeDep ROOT react-refresh@0.17.0 OK for: @vitejs/plugin-react@4.7.0 want: ^0.17.0
152 silly fetch manifest debug@^4.1.0
153 silly packumentCache full:https://registry.npmjs.org/debug cache-miss
154 silly fetch manifest json5@^2.2.3
155 silly packumentCache full:https://registry.npmjs.org/json5 cache-miss
156 silly fetch manifest semver@^6.3.1
157 silly packumentCache full:https://registry.npmjs.org/semver cache-miss
158 silly fetch manifest gensync@^1.0.0-beta.2
159 silly packumentCache full:https://registry.npmjs.org/gensync cache-miss
160 silly fetch manifest @babel/types@^7.29.0
161 silly packumentCache full:https://registry.npmjs.org/@babel%2ftypes cache-miss
162 silly fetch manifest @babel/parser@^7.29.0
163 silly packumentCache full:https://registry.npmjs.org/@babel%2fparser cache-miss
164 silly fetch manifest @babel/helpers@^7.28.6
165 silly packumentCache full:https://registry.npmjs.org/@babel%2fhelpers cache-miss
166 silly fetch manifest @babel/template@^7.28.6
167 silly packumentCache full:https://registry.npmjs.org/@babel%2ftemplate cache-miss
168 silly fetch manifest @babel/traverse@^7.29.0
169 silly packumentCache full:https://registry.npmjs.org/@babel%2ftraverse cache-miss
170 http fetch GET 200 https://registry.npmjs.org/debug 43ms (cache miss)
171 silly packumentCache full:https://registry.npmjs.org/debug set size:undefined disposed:false
172 silly fetch manifest @babel/generator@^7.29.0
173 silly packumentCache full:https://registry.npmjs.org/@babel%2fgenerator cache-miss
174 http fetch GET 200 https://registry.npmjs.org/json5 49ms (cache miss)
175 silly packumentCache full:https://registry.npmjs.org/json5 set size:undefined disposed:false
176 silly fetch manifest @babel/code-frame@^7.29.0
177 silly packumentCache full:https://registry.npmjs.org/@babel%2fcode-frame cache-miss
178 http fetch GET 200 https://registry.npmjs.org/gensync 52ms (cache miss)
179 silly packumentCache full:https://registry.npmjs.org/gensync set size:undefined disposed:false
180 silly fetch manifest convert-source-map@^2.0.0
181 silly packumentCache full:https://registry.npmjs.org/convert-source-map cache-miss
182 http fetch GET 200 https://registry.npmjs.org/@babel%2ftypes 59ms (cache miss)
183 silly packumentCache full:https://registry.npmjs.org/@babel%2ftypes set size:undefined disposed:false
184 silly fetch manifest @jridgewell/remapping@^2.3.5
185 silly packumentCache full:https://registry.npmjs.org/@jridgewell%2fremapping cache-miss
186 http fetch GET 200 https://registry.npmjs.org/@babel%2ftemplate 61ms (cache miss)
187 silly packumentCache full:https://registry.npmjs.org/@babel%2ftemplate set size:undefined disposed:false
188 silly fetch manifest @babel/helper-module-transforms@^7.28.6
189 silly packumentCache full:https://registry.npmjs.org/@babel%2fhelper-module-transforms cache-miss
190 http fetch GET 200 https://registry.npmjs.org/semver 65ms (cache miss)
191 silly packumentCache full:https://registry.npmjs.org/semver set size:undefined disposed:false
192 silly fetch manifest @babel/helper-compilation-targets@^7.28.6
193 silly packumentCache full:https://registry.npmjs.org/@babel%2fhelper-compilation-targets cache-miss
194 http fetch GET 200 https://registry.npmjs.org/@babel%2fhelpers 66ms (cache miss)
195 silly packumentCache full:https://registry.npmjs.org/@babel%2fhelpers set size:undefined disposed:false
196 silly fetch manifest @babel/helper-plugin-utils@^7.27.1
197 silly packumentCache full:https://registry.npmjs.org/@babel%2fhelper-plugin-utils cache-miss
198 http fetch GET 200 https://registry.npmjs.org/@babel%2ftraverse 67ms (cache miss)
199 silly packumentCache full:https://registry.npmjs.org/@babel%2ftraverse set size:undefined disposed:false
200 silly fetch manifest @babel/helper-plugin-utils@^7.27.1
201 silly packumentCache full:https://registry.npmjs.org/@babel%2fhelper-plugin-utils cache-miss
202 http fetch GET 200 https://registry.npmjs.org/convert-source-map 48ms (cache miss)
203 silly packumentCache full:https://registry.npmjs.org/convert-source-map set size:undefined disposed:false
204 silly fetch manifest @babel/types@^7.20.7
205 silly packumentCache full:https://registry.npmjs.org/@babel%2ftypes cache-miss
206 http cache https://registry.npmjs.org/@babel%2ftypes 3ms (cache hit)
207 silly packumentCache full:https://registry.npmjs.org/@babel%2ftypes set size:487885 disposed:false
208 silly fetch manifest @babel/parser@^7.20.7
209 silly packumentCache full:https://registry.npmjs.org/@babel%2fparser cache-miss
210 http fetch GET 200 https://registry.npmjs.org/@babel%2fhelper-module-transforms 45ms (cache miss)
211 silly packumentCache full:https://registry.npmjs.org/@babel%2fhelper-module-transforms set size:undefined disposed:false
212 silly fetch manifest @types/babel__template@*
213 silly packumentCache full:https://registry.npmjs.org/@types%2fbabel__template cache-miss
214 http fetch GET 200 https://registry.npmjs.org/@babel%2fcode-frame 60ms (cache miss)
215 silly packumentCache full:https://registry.npmjs.org/@babel%2fcode-frame set size:undefined disposed:false
216 silly fetch manifest @types/babel__traverse@*
217 silly packumentCache full:https://registry.npmjs.org/@types%2fbabel__traverse cache-miss
218 http fetch GET 200 https://registry.npmjs.org/@babel%2fhelper-compilation-targets 55ms (cache miss)
219 silly packumentCache full:https://registry.npmjs.org/@babel%2fhelper-compilation-targets set size:undefined disposed:false
220 silly fetch manifest @types/babel__generator@*
221 silly packumentCache full:https://registry.npmjs.org/@types%2fbabel__generator cache-miss
222 http fetch GET 200 https://registry.npmjs.org/@babel%2fhelper-plugin-utils 79ms (cache miss)
223 silly packumentCache full:https://registry.npmjs.org/@babel%2fhelper-plugin-utils set size:undefined disposed:false
224 http fetch GET 200 https://registry.npmjs.org/@types%2fbabel__template 54ms (cache miss)
225 silly packumentCache full:https://registry.npmjs.org/@types%2fbabel__template set size:undefined disposed:false
226 http fetch GET 200 https://registry.npmjs.org/@types%2fbabel__generator 49ms (cache miss)
227 silly packumentCache full:https://registry.npmjs.org/@types%2fbabel__generator set size:undefined disposed:false
228 http fetch GET 200 https://registry.npmjs.org/@babel%2fhelper-plugin-utils 107ms (cache miss)
229 silly packumentCache full:https://registry.npmjs.org/@babel%2fhelper-plugin-utils set size:undefined disposed:false
230 http fetch GET 200 https://registry.npmjs.org/@types%2fbabel__traverse 72ms (cache miss)
231 silly packumentCache full:https://registry.npmjs.org/@types%2fbabel__traverse set size:undefined disposed:false
232 http fetch GET 200 https://registry.npmjs.org/@babel%2fparser 184ms (cache miss)
233 silly packumentCache full:https://registry.npmjs.org/@babel%2fparser set size:undefined disposed:false
234 http fetch GET 200 https://registry.npmjs.org/@babel%2fparser 82ms (cache miss)
235 silly packumentCache full:https://registry.npmjs.org/@babel%2fparser set size:undefined disposed:false
236 http fetch GET 200 https://registry.npmjs.org/@jridgewell%2fremapping 297ms (cache miss)
237 silly packumentCache full:https://registry.npmjs.org/@jridgewell%2fremapping set size:undefined disposed:false
238 http fetch GET 200 https://registry.npmjs.org/@babel%2fgenerator 1033ms (cache miss)
239 silly packumentCache full:https://registry.npmjs.org/@babel%2fgenerator set size:undefined disposed:false
240 silly fetch manifest @babel/core@^7.0.0
241 silly packumentCache full:https://registry.npmjs.org/@babel%2fcore cache-miss
242 http cache https://registry.npmjs.org/@babel%2fcore 2ms (cache hit)
243 silly packumentCache full:https://registry.npmjs.org/@babel%2fcore set size:760113 disposed:false
244 silly placeDep ROOT @babel/code-frame@7.29.0 OK for: @babel/core@7.29.0 want: ^7.29.0
245 silly placeDep ROOT @babel/generator@7.29.1 OK for: @babel/core@7.29.0 want: ^7.29.0
246 silly placeDep ROOT @babel/helper-compilation-targets@7.28.6 OK for: @babel/core@7.29.0 want: ^7.28.6
247 silly placeDep ROOT @babel/helper-module-transforms@7.28.6 OK for: @babel/core@7.29.0 want: ^7.28.6
248 silly placeDep ROOT @babel/helpers@7.29.2 OK for: @babel/core@7.29.0 want: ^7.28.6
249 silly placeDep ROOT @babel/parser@7.29.2 OK for: @babel/core@7.29.0 want: ^7.29.0
250 silly placeDep ROOT @babel/template@7.28.6 OK for: @babel/core@7.29.0 want: ^7.28.6
251 silly placeDep ROOT @babel/traverse@7.29.0 OK for: @babel/core@7.29.0 want: ^7.29.0
252 silly placeDep ROOT @babel/types@7.29.0 OK for: @babel/core@7.29.0 want: ^7.29.0
253 silly placeDep ROOT @jridgewell/remapping@2.3.5 OK for: @babel/core@7.29.0 want: ^2.3.5
254 silly placeDep ROOT convert-source-map@2.0.0 OK for: @babel/core@7.29.0 want: ^2.0.0
255 silly placeDep ROOT debug@4.4.3 OK for: @babel/core@7.29.0 want: ^4.1.0
256 silly placeDep ROOT gensync@1.0.0-beta.2 OK for: @babel/core@7.29.0 want: ^1.0.0-beta.2
257 silly placeDep ROOT json5@2.2.3 OK for: @babel/core@7.29.0 want: ^2.2.3
258 silly placeDep ROOT semver@6.3.1 OK for: @babel/core@7.29.0 want: ^6.3.1
259 silly fetch manifest js-tokens@^4.0.0
260 silly packumentCache full:https://registry.npmjs.org/js-tokens cache-miss
261 silly fetch manifest picocolors@^1.1.1
262 silly packumentCache full:https://registry.npmjs.org/picocolors cache-miss
263 silly fetch manifest @babel/helper-validator-identifier@^7.28.5
264 silly packumentCache full:https://registry.npmjs.org/@babel%2fhelper-validator-identifier cache-miss
265 silly fetch manifest jsesc@^3.0.2
266 silly packumentCache full:https://registry.npmjs.org/jsesc cache-miss
267 silly fetch manifest @jridgewell/gen-mapping@^0.3.12
268 silly packumentCache full:https://registry.npmjs.org/@jridgewell%2fgen-mapping cache-miss
269 silly fetch manifest @jridgewell/trace-mapping@^0.3.28
270 silly packumentCache full:https://registry.npmjs.org/@jridgewell%2ftrace-mapping cache-miss
271 silly fetch manifest lru-cache@^5.1.1
272 silly packumentCache full:https://registry.npmjs.org/lru-cache cache-miss
273 silly fetch manifest browserslist@^4.24.0
274 silly packumentCache full:https://registry.npmjs.org/browserslist cache-miss
275 silly fetch manifest @babel/compat-data@^7.28.6
276 silly packumentCache full:https://registry.npmjs.org/@babel%2fcompat-data cache-miss
277 http fetch GET 200 https://registry.npmjs.org/picocolors 34ms (cache miss)
278 silly packumentCache full:https://registry.npmjs.org/picocolors set size:undefined disposed:false
279 silly fetch manifest @babel/helper-validator-option@^7.27.1
280 silly packumentCache full:https://registry.npmjs.org/@babel%2fhelper-validator-option cache-miss
281 http fetch GET 200 https://registry.npmjs.org/lru-cache 55ms (cache miss)
282 silly packumentCache full:https://registry.npmjs.org/lru-cache set size:undefined disposed:false
283 silly fetch manifest @babel/traverse@^7.28.6
284 silly packumentCache full:https://registry.npmjs.org/@babel%2ftraverse cache-miss
285 http fetch GET 200 https://registry.npmjs.org/browserslist 57ms (cache miss)
286 silly packumentCache full:https://registry.npmjs.org/browserslist set size:undefined disposed:false
287 silly fetch manifest @babel/helper-module-imports@^7.28.6
288 silly packumentCache full:https://registry.npmjs.org/@babel%2fhelper-module-imports cache-miss
289 http fetch GET 200 https://registry.npmjs.org/@babel%2fhelper-validator-identifier 60ms (cache miss)
290 silly packumentCache full:https://registry.npmjs.org/@babel%2fhelper-validator-identifier set size:undefined disposed:false
291 silly fetch manifest @babel/types@^7.28.6
292 silly packumentCache full:https://registry.npmjs.org/@babel%2ftypes cache-hit
293 silly fetch manifest debug@^4.3.1
294 silly packumentCache full:https://registry.npmjs.org/debug cache-miss
295 http cache https://registry.npmjs.org/@babel%2ftraverse 5ms (cache hit)
296 silly packumentCache full:https://registry.npmjs.org/@babel%2ftraverse set size:548722 disposed:false
297 silly fetch manifest @babel/helper-globals@^7.28.0
298 silly packumentCache full:https://registry.npmjs.org/@babel%2fhelper-globals cache-miss
299 http fetch GET 200 https://registry.npmjs.org/js-tokens 65ms (cache miss)
300 silly packumentCache full:https://registry.npmjs.org/js-tokens set size:undefined disposed:false
301 silly fetch manifest @babel/helper-string-parser@^7.27.1
302 silly packumentCache full:https://registry.npmjs.org/@babel%2fhelper-string-parser cache-miss
303 http fetch GET 200 https://registry.npmjs.org/@jridgewell%2ftrace-mapping 64ms (cache miss)
304 silly packumentCache full:https://registry.npmjs.org/@jridgewell%2ftrace-mapping set size:undefined disposed:false
305 silly fetch manifest @jridgewell/gen-mapping@^0.3.5
306 silly packumentCache full:https://registry.npmjs.org/@jridgewell%2fgen-mapping cache-miss
307 http cache https://registry.npmjs.org/debug 4ms (cache hit)
308 silly packumentCache full:https://registry.npmjs.org/debug set size:195840 disposed:false
309 silly fetch manifest @jridgewell/trace-mapping@^0.3.24
310 silly packumentCache full:https://registry.npmjs.org/@jridgewell%2ftrace-mapping cache-miss
311 http cache https://registry.npmjs.org/@jridgewell%2ftrace-mapping 2ms (cache hit)
312 silly packumentCache full:https://registry.npmjs.org/@jridgewell%2ftrace-mapping set size:170909 disposed:false
313 silly fetch manifest ms@^2.1.3
314 silly packumentCache full:https://registry.npmjs.org/ms cache-miss
315 http fetch GET 200 https://registry.npmjs.org/@jridgewell%2fgen-mapping 76ms (cache miss)
316 silly packumentCache full:https://registry.npmjs.org/@jridgewell%2fgen-mapping set size:undefined disposed:false
317 http fetch GET 200 https://registry.npmjs.org/@babel%2fcompat-data 76ms (cache miss)
318 silly packumentCache full:https://registry.npmjs.org/@babel%2fcompat-data set size:undefined disposed:false
319 http fetch GET 200 https://registry.npmjs.org/@babel%2fhelper-validator-option 43ms (cache miss)
320 silly packumentCache full:https://registry.npmjs.org/@babel%2fhelper-validator-option set size:undefined disposed:false
321 http fetch GET 200 https://registry.npmjs.org/jsesc 90ms (cache miss)
322 silly packumentCache full:https://registry.npmjs.org/jsesc set size:undefined disposed:false
323 http fetch GET 200 https://registry.npmjs.org/@jridgewell%2fgen-mapping 51ms (cache miss)
324 silly packumentCache full:https://registry.npmjs.org/@jridgewell%2fgen-mapping set size:undefined disposed:false
325 http fetch GET 200 https://registry.npmjs.org/ms 49ms (cache miss)
326 silly packumentCache full:https://registry.npmjs.org/ms set size:undefined disposed:false
327 http fetch GET 200 https://registry.npmjs.org/@babel%2fhelper-string-parser 54ms (cache miss)
328 silly packumentCache full:https://registry.npmjs.org/@babel%2fhelper-string-parser set size:undefined disposed:false
329 http fetch GET 200 https://registry.npmjs.org/@babel%2fhelper-globals 57ms (cache miss)
330 silly packumentCache full:https://registry.npmjs.org/@babel%2fhelper-globals set size:undefined disposed:false
331 http fetch GET 200 https://registry.npmjs.org/@babel%2fhelper-module-imports 68ms (cache miss)
332 silly packumentCache full:https://registry.npmjs.org/@babel%2fhelper-module-imports set size:undefined disposed:false
333 silly placeDep ROOT @babel/helper-validator-identifier@7.28.5 OK for: @babel/code-frame@7.29.0 want: ^7.28.5
334 silly placeDep ROOT js-tokens@4.0.0 OK for: @babel/code-frame@7.29.0 want: ^4.0.0
335 silly placeDep ROOT picocolors@1.1.1 OK for: @babel/code-frame@7.29.0 want: ^1.1.1
336 silly placeDep ROOT @jridgewell/gen-mapping@0.3.13 OK for: @babel/generator@7.29.1 want: ^0.3.12
337 silly placeDep ROOT @jridgewell/trace-mapping@0.3.31 OK for: @babel/generator@7.29.1 want: ^0.3.28
338 silly placeDep ROOT jsesc@3.1.0 OK for: @babel/generator@7.29.1 want: ^3.0.2
339 silly fetch manifest @jridgewell/sourcemap-codec@^1.5.0
340 silly packumentCache full:https://registry.npmjs.org/@jridgewell%2fsourcemap-codec cache-miss
341 silly fetch manifest @jridgewell/resolve-uri@^3.1.0
342 silly packumentCache full:https://registry.npmjs.org/@jridgewell%2fresolve-uri cache-miss
343 silly fetch manifest @jridgewell/sourcemap-codec@^1.4.14
344 silly packumentCache full:https://registry.npmjs.org/@jridgewell%2fsourcemap-codec cache-miss
345 http fetch GET 200 https://registry.npmjs.org/@jridgewell%2fsourcemap-codec 55ms (cache miss)
346 silly packumentCache full:https://registry.npmjs.org/@jridgewell%2fsourcemap-codec set size:undefined disposed:false
347 http fetch GET 200 https://registry.npmjs.org/@jridgewell%2fsourcemap-codec 74ms (cache miss)
348 silly packumentCache full:https://registry.npmjs.org/@jridgewell%2fsourcemap-codec set size:undefined disposed:false
349 http fetch GET 200 https://registry.npmjs.org/@jridgewell%2fresolve-uri 87ms (cache miss)
350 silly packumentCache full:https://registry.npmjs.org/@jridgewell%2fresolve-uri set size:undefined disposed:false
351 silly placeDep ROOT @babel/compat-data@7.29.0 OK for: @babel/helper-compilation-targets@7.28.6 want: ^7.28.6
352 silly placeDep ROOT @babel/helper-validator-option@7.27.1 OK for: @babel/helper-compilation-targets@7.28.6 want: ^7.27.1
353 silly placeDep ROOT browserslist@4.28.1 OK for: @babel/helper-compilation-targets@7.28.6 want: ^4.24.0
354 silly placeDep ROOT lru-cache@5.1.1 OK for: @babel/helper-compilation-targets@7.28.6 want: ^5.1.1
355 silly fetch manifest baseline-browser-mapping@^2.9.0
356 silly packumentCache full:https://registry.npmjs.org/baseline-browser-mapping cache-miss
357 silly fetch manifest caniuse-lite@^1.0.30001759
358 silly packumentCache full:https://registry.npmjs.org/caniuse-lite cache-miss
359 silly fetch manifest electron-to-chromium@^1.5.263
360 silly packumentCache full:https://registry.npmjs.org/electron-to-chromium cache-miss
361 silly fetch manifest node-releases@^2.0.27
362 silly packumentCache full:https://registry.npmjs.org/node-releases cache-miss
363 silly fetch manifest update-browserslist-db@^1.2.0
364 silly packumentCache full:https://registry.npmjs.org/update-browserslist-db cache-miss
365 silly fetch manifest yallist@^3.0.2
366 silly packumentCache full:https://registry.npmjs.org/yallist cache-miss
367 http fetch GET 200 https://registry.npmjs.org/yallist 41ms (cache miss)
368 silly packumentCache full:https://registry.npmjs.org/yallist set size:undefined disposed:false
369 http fetch GET 200 https://registry.npmjs.org/node-releases 52ms (cache miss)
370 silly packumentCache full:https://registry.npmjs.org/node-releases set size:undefined disposed:false
371 http fetch GET 200 https://registry.npmjs.org/baseline-browser-mapping 67ms (cache miss)
372 silly packumentCache full:https://registry.npmjs.org/baseline-browser-mapping set size:undefined disposed:false
373 http fetch GET 200 https://registry.npmjs.org/caniuse-lite 70ms (cache miss)
374 silly packumentCache full:https://registry.npmjs.org/caniuse-lite set size:undefined disposed:false
375 http fetch GET 200 https://registry.npmjs.org/update-browserslist-db 130ms (cache miss)
376 silly packumentCache full:https://registry.npmjs.org/update-browserslist-db set size:undefined disposed:false
377 http fetch GET 200 https://registry.npmjs.org/electron-to-chromium 132ms (cache miss)
378 silly packumentCache full:https://registry.npmjs.org/electron-to-chromium set size:undefined disposed:false
379 silly placeDep ROOT @babel/helper-module-imports@7.28.6 OK for: @babel/helper-module-transforms@7.28.6 want: ^7.28.6
380 silly placeDep ROOT @babel/helper-plugin-utils@7.28.6 OK for: @babel/plugin-transform-react-jsx-self@7.27.1 want: ^7.27.1
381 silly placeDep ROOT @babel/helper-globals@7.28.0 OK for: @babel/traverse@7.29.0 want: ^7.28.0
382 silly placeDep ROOT @babel/helper-string-parser@7.27.1 OK for: @babel/types@7.29.0 want: ^7.27.1
383 silly placeDep ROOT @jridgewell/sourcemap-codec@1.5.5 OK for: @jridgewell/gen-mapping@0.3.13 want: ^1.5.0
384 silly placeDep ROOT @jridgewell/resolve-uri@3.1.2 OK for: @jridgewell/trace-mapping@0.3.31 want: ^3.1.0
385 silly placeDep ROOT @types/babel__generator@7.27.0 OK for: @types/babel__core@7.20.5 want: *
386 silly placeDep ROOT @types/babel__template@7.4.4 OK for: @types/babel__core@7.20.5 want: *
387 silly placeDep ROOT @types/babel__traverse@7.28.0 OK for: @types/babel__core@7.20.5 want: *
388 silly fetch manifest browserslist@>= 4.21.0
389 silly packumentCache full:https://registry.npmjs.org/browserslist cache-miss
390 http cache https://registry.npmjs.org/browserslist 1ms (cache hit)
391 silly packumentCache full:https://registry.npmjs.org/browserslist set size:502989 disposed:false
392 silly placeDep ROOT baseline-browser-mapping@2.10.12 OK for: browserslist@4.28.1 want: ^2.9.0
393 silly placeDep ROOT caniuse-lite@1.0.30001782 OK for: browserslist@4.28.1 want: ^1.0.30001759
394 silly placeDep ROOT electron-to-chromium@1.5.328 OK for: browserslist@4.28.1 want: ^1.5.263
395 silly placeDep ROOT node-releases@2.0.36 OK for: browserslist@4.28.1 want: ^2.0.27
396 silly placeDep ROOT update-browserslist-db@1.2.3 OK for: browserslist@4.28.1 want: ^1.2.0
397 silly fetch manifest escalade@^3.2.0
398 silly packumentCache full:https://registry.npmjs.org/escalade cache-miss
399 http fetch GET 200 https://registry.npmjs.org/escalade 45ms (cache miss)
400 silly packumentCache full:https://registry.npmjs.org/escalade set size:undefined disposed:false
401 silly placeDep ROOT ms@2.1.3 OK for: debug@4.4.3 want: ^2.1.3
402 silly placeDep ROOT yallist@3.1.1 OK for: lru-cache@5.1.1 want: ^3.0.2
403 silly placeDep ROOT loose-envify@1.4.0 OK for: react@18.3.1 want: ^1.1.0
404 silly placeDep ROOT scheduler@0.23.2 OK for: react-dom@18.3.1 want: ^0.23.2
405 silly placeDep ROOT escalade@3.2.0 OK for: update-browserslist-db@1.2.3 want: ^3.2.0
406 silly placeDep ROOT esbuild@0.25.12 OK for: vite@6.4.1 want: ^0.25.0
407 silly placeDep ROOT fdir@6.5.0 OK for: vite@6.4.1 want: ^6.4.4
408 silly placeDep ROOT fsevents@2.3.3 OK for: vite@6.4.1 want: ~2.3.3
409 silly placeDep ROOT picomatch@4.0.4 OK for: vite@6.4.1 want: ^4.0.2
410 silly placeDep ROOT postcss@8.5.8 OK for: vite@6.4.1 want: ^8.5.3
411 silly placeDep ROOT rollup@4.60.1 OK for: vite@6.4.1 want: ^4.34.9
412 silly placeDep ROOT tinyglobby@0.2.15 OK for: vite@6.4.1 want: ^0.2.13
413 silly fetch manifest @esbuild/aix-ppc64@0.25.12
414 silly packumentCache full:https://registry.npmjs.org/@esbuild%2faix-ppc64 cache-miss
415 silly fetch manifest @esbuild/linux-arm@0.25.12
416 silly packumentCache full:https://registry.npmjs.org/@esbuild%2flinux-arm cache-miss
417 silly fetch manifest @esbuild/linux-x64@0.25.12
418 silly packumentCache full:https://registry.npmjs.org/@esbuild%2flinux-x64 cache-miss
419 silly fetch manifest @esbuild/sunos-x64@0.25.12
420 silly packumentCache full:https://registry.npmjs.org/@esbuild%2fsunos-x64 cache-miss
421 silly fetch manifest @esbuild/win32-x64@0.25.12
422 silly packumentCache full:https://registry.npmjs.org/@esbuild%2fwin32-x64 cache-miss
423 silly fetch manifest @esbuild/darwin-x64@0.25.12
424 silly packumentCache full:https://registry.npmjs.org/@esbuild%2fdarwin-x64 cache-miss
425 silly fetch manifest @esbuild/linux-ia32@0.25.12
426 silly packumentCache full:https://registry.npmjs.org/@esbuild%2flinux-ia32 cache-miss
427 silly fetch manifest @esbuild/netbsd-x64@0.25.12
428 silly packumentCache full:https://registry.npmjs.org/@esbuild%2fnetbsd-x64 cache-miss
429 silly fetch manifest @esbuild/win32-ia32@0.25.12
430 silly packumentCache full:https://registry.npmjs.org/@esbuild%2fwin32-ia32 cache-miss
431 http fetch GET 200 https://registry.npmjs.org/@esbuild%2fwin32-ia32 60ms (cache miss)
432 silly packumentCache full:https://registry.npmjs.org/@esbuild%2fwin32-ia32 set size:undefined disposed:false
433 silly fetch manifest @esbuild/android-arm@0.25.12
434 silly packumentCache full:https://registry.npmjs.org/@esbuild%2fandroid-arm cache-miss
435 http fetch GET 200 https://registry.npmjs.org/@esbuild%2fsunos-x64 64ms (cache miss)
436 silly packumentCache full:https://registry.npmjs.org/@esbuild%2fsunos-x64 set size:undefined disposed:false
437 silly fetch manifest @esbuild/android-x64@0.25.12
438 silly packumentCache full:https://registry.npmjs.org/@esbuild%2fandroid-x64 cache-miss
439 http fetch GET 200 https://registry.npmjs.org/@esbuild%2flinux-x64 69ms (cache miss)
440 silly packumentCache full:https://registry.npmjs.org/@esbuild%2flinux-x64 set size:undefined disposed:false
441 silly fetch manifest @esbuild/freebsd-x64@0.25.12
442 silly packumentCache full:https://registry.npmjs.org/@esbuild%2ffreebsd-x64 cache-miss
443 http fetch GET 200 https://registry.npmjs.org/@esbuild%2flinux-ia32 71ms (cache miss)
444 silly packumentCache full:https://registry.npmjs.org/@esbuild%2flinux-ia32 set size:undefined disposed:false
445 silly fetch manifest @esbuild/linux-arm64@0.25.12
446 silly packumentCache full:https://registry.npmjs.org/@esbuild%2flinux-arm64 cache-miss
447 http fetch GET 200 https://registry.npmjs.org/@esbuild%2fnetbsd-x64 76ms (cache miss)
448 silly packumentCache full:https://registry.npmjs.org/@esbuild%2fnetbsd-x64 set size:undefined disposed:false
449 silly fetch manifest @esbuild/linux-ppc64@0.25.12
450 silly packumentCache full:https://registry.npmjs.org/@esbuild%2flinux-ppc64 cache-miss
451 http fetch GET 200 https://registry.npmjs.org/@esbuild%2flinux-arm 84ms (cache miss)
452 silly packumentCache full:https://registry.npmjs.org/@esbuild%2flinux-arm set size:undefined disposed:false
453 silly fetch manifest @esbuild/linux-s390x@0.25.12
454 silly packumentCache full:https://registry.npmjs.org/@esbuild%2flinux-s390x cache-miss
455 http fetch GET 200 https://registry.npmjs.org/@esbuild%2fdarwin-x64 86ms (cache miss)
456 silly packumentCache full:https://registry.npmjs.org/@esbuild%2fdarwin-x64 set size:undefined disposed:false
457 silly fetch manifest @esbuild/openbsd-x64@0.25.12
458 silly packumentCache full:https://registry.npmjs.org/@esbuild%2fopenbsd-x64 cache-miss
459 http fetch GET 200 https://registry.npmjs.org/@esbuild%2fwin32-x64 88ms (cache miss)
460 silly packumentCache full:https://registry.npmjs.org/@esbuild%2fwin32-x64 set size:undefined disposed:false
461 silly fetch manifest @esbuild/win32-arm64@0.25.12
462 silly packumentCache full:https://registry.npmjs.org/@esbuild%2fwin32-arm64 cache-miss
463 http fetch GET 200 https://registry.npmjs.org/@esbuild%2faix-ppc64 89ms (cache miss)
464 silly packumentCache full:https://registry.npmjs.org/@esbuild%2faix-ppc64 set size:undefined disposed:false
465 silly fetch manifest @esbuild/darwin-arm64@0.25.12
466 silly packumentCache full:https://registry.npmjs.org/@esbuild%2fdarwin-arm64 cache-miss
467 http fetch GET 200 https://registry.npmjs.org/@esbuild%2fandroid-x64 48ms (cache miss)
468 silly packumentCache full:https://registry.npmjs.org/@esbuild%2fandroid-x64 set size:undefined disposed:false
469 silly fetch manifest @esbuild/netbsd-arm64@0.25.12
470 silly packumentCache full:https://registry.npmjs.org/@esbuild%2fnetbsd-arm64 cache-miss
471 http fetch GET 200 https://registry.npmjs.org/@esbuild%2fandroid-arm 62ms (cache miss)
472 silly packumentCache full:https://registry.npmjs.org/@esbuild%2fandroid-arm set size:undefined disposed:false
473 silly fetch manifest @esbuild/android-arm64@0.25.12
474 silly packumentCache full:https://registry.npmjs.org/@esbuild%2fandroid-arm64 cache-miss
475 http fetch GET 200 https://registry.npmjs.org/@esbuild%2ffreebsd-x64 66ms (cache miss)
476 silly packumentCache full:https://registry.npmjs.org/@esbuild%2ffreebsd-x64 set size:undefined disposed:false
477 silly fetch manifest @esbuild/freebsd-arm64@0.25.12
478 silly packumentCache full:https://registry.npmjs.org/@esbuild%2ffreebsd-arm64 cache-miss
479 http fetch GET 200 https://registry.npmjs.org/@esbuild%2flinux-arm64 64ms (cache miss)
480 silly packumentCache full:https://registry.npmjs.org/@esbuild%2flinux-arm64 set size:undefined disposed:false
481 silly fetch manifest @esbuild/linux-loong64@0.25.12
482 silly packumentCache full:https://registry.npmjs.org/@esbuild%2flinux-loong64 cache-miss
483 http fetch GET 200 https://registry.npmjs.org/@esbuild%2flinux-ppc64 69ms (cache miss)
484 silly packumentCache full:https://registry.npmjs.org/@esbuild%2flinux-ppc64 set size:undefined disposed:false
485 silly fetch manifest @esbuild/linux-riscv64@0.25.12
486 silly packumentCache full:https://registry.npmjs.org/@esbuild%2flinux-riscv64 cache-miss
487 http fetch GET 200 https://registry.npmjs.org/@esbuild%2fopenbsd-x64 62ms (cache miss)
488 silly packumentCache full:https://registry.npmjs.org/@esbuild%2fopenbsd-x64 set size:undefined disposed:false
489 silly fetch manifest @esbuild/openbsd-arm64@0.25.12
490 silly packumentCache full:https://registry.npmjs.org/@esbuild%2fopenbsd-arm64 cache-miss
491 http fetch GET 200 https://registry.npmjs.org/@esbuild%2flinux-s390x 80ms (cache miss)
492 silly packumentCache full:https://registry.npmjs.org/@esbuild%2flinux-s390x set size:undefined disposed:false
493 silly fetch manifest @esbuild/linux-mips64el@0.25.12
494 silly packumentCache full:https://registry.npmjs.org/@esbuild%2flinux-mips64el cache-miss
495 http fetch GET 200 https://registry.npmjs.org/@esbuild%2fwin32-arm64 87ms (cache miss)
496 silly packumentCache full:https://registry.npmjs.org/@esbuild%2fwin32-arm64 set size:undefined disposed:false
497 silly fetch manifest @esbuild/openharmony-arm64@0.25.12
498 silly packumentCache full:https://registry.npmjs.org/@esbuild%2fopenharmony-arm64 cache-miss
499 http fetch GET 200 https://registry.npmjs.org/@esbuild%2fdarwin-arm64 87ms (cache miss)
500 silly packumentCache full:https://registry.npmjs.org/@esbuild%2fdarwin-arm64 set size:undefined disposed:false
501 silly fetch manifest nanoid@^3.3.11
502 silly packumentCache full:https://registry.npmjs.org/nanoid cache-miss
503 http fetch GET 200 https://registry.npmjs.org/@esbuild%2fandroid-arm64 55ms (cache miss)
504 silly packumentCache full:https://registry.npmjs.org/@esbuild%2fandroid-arm64 set size:undefined disposed:false
505 silly fetch manifest source-map-js@^1.2.1
506 silly packumentCache full:https://registry.npmjs.org/source-map-js cache-miss
507 http fetch GET 200 https://registry.npmjs.org/@esbuild%2fnetbsd-arm64 64ms (cache miss)
508 silly packumentCache full:https://registry.npmjs.org/@esbuild%2fnetbsd-arm64 set size:undefined disposed:false
509 silly fetch manifest @types/estree@1.0.8
510 silly packumentCache full:https://registry.npmjs.org/@types%2festree cache-miss
511 http fetch GET 200 https://registry.npmjs.org/@esbuild%2ffreebsd-arm64 62ms (cache miss)
512 silly packumentCache full:https://registry.npmjs.org/@esbuild%2ffreebsd-arm64 set size:undefined disposed:false
513 silly fetch manifest @rollup/rollup-darwin-arm64@4.60.1
514 silly packumentCache full:https://registry.npmjs.org/@rollup%2frollup-darwin-arm64 cache-miss
515 http fetch GET 200 https://registry.npmjs.org/@esbuild%2flinux-loong64 84ms (cache miss)
516 silly packumentCache full:https://registry.npmjs.org/@esbuild%2flinux-loong64 set size:undefined disposed:false
517 silly fetch manifest @rollup/rollup-android-arm64@4.60.1
518 silly packumentCache full:https://registry.npmjs.org/@rollup%2frollup-android-arm64 cache-miss
519 http fetch GET 200 https://registry.npmjs.org/@esbuild%2flinux-riscv64 78ms (cache miss)
520 silly packumentCache full:https://registry.npmjs.org/@esbuild%2flinux-riscv64 set size:undefined disposed:false
521 silly fetch manifest @rollup/rollup-win32-arm64-msvc@4.60.1
522 silly packumentCache full:https://registry.npmjs.org/@rollup%2frollup-win32-arm64-msvc cache-miss
523 http fetch GET 200 https://registry.npmjs.org/@types%2festree 46ms (cache miss)
524 silly packumentCache full:https://registry.npmjs.org/@types%2festree set size:undefined disposed:false
525 silly fetch manifest @rollup/rollup-freebsd-arm64@4.60.1
526 silly packumentCache full:https://registry.npmjs.org/@rollup%2frollup-freebsd-arm64 cache-miss
527 http fetch GET 200 https://registry.npmjs.org/@esbuild%2fopenbsd-arm64 75ms (cache miss)
528 silly packumentCache full:https://registry.npmjs.org/@esbuild%2fopenbsd-arm64 set size:undefined disposed:false
529 silly fetch manifest @rollup/rollup-linux-arm64-gnu@4.60.1
530 silly packumentCache full:https://registry.npmjs.org/@rollup%2frollup-linux-arm64-gnu cache-miss
531 http fetch GET 200 https://registry.npmjs.org/source-map-js 62ms (cache miss)
532 silly packumentCache full:https://registry.npmjs.org/source-map-js set size:undefined disposed:false
533 silly fetch manifest @rollup/rollup-linux-arm64-musl@4.60.1
534 silly packumentCache full:https://registry.npmjs.org/@rollup%2frollup-linux-arm64-musl cache-miss
535 http fetch GET 200 https://registry.npmjs.org/@esbuild%2fopenharmony-arm64 64ms (cache miss)
536 silly packumentCache full:https://registry.npmjs.org/@esbuild%2fopenharmony-arm64 set size:undefined disposed:false
537 silly fetch manifest @rollup/rollup-android-arm-eabi@4.60.1
538 silly packumentCache full:https://registry.npmjs.org/@rollup%2frollup-android-arm-eabi cache-miss
539 http fetch GET 200 https://registry.npmjs.org/nanoid 68ms (cache miss)
540 silly packumentCache full:https://registry.npmjs.org/nanoid set size:undefined disposed:false
541 silly fetch manifest @rollup/rollup-linux-arm-gnueabihf@4.60.1
542 silly packumentCache full:https://registry.npmjs.org/@rollup%2frollup-linux-arm-gnueabihf cache-miss
543 http fetch GET 200 https://registry.npmjs.org/@esbuild%2flinux-mips64el 80ms (cache miss)
544 silly packumentCache full:https://registry.npmjs.org/@esbuild%2flinux-mips64el set size:undefined disposed:false
545 silly fetch manifest @rollup/rollup-linux-arm-musleabihf@4.60.1
546 silly packumentCache full:https://registry.npmjs.org/@rollup%2frollup-linux-arm-musleabihf cache-miss
547 http fetch GET 200 https://registry.npmjs.org/@rollup%2frollup-darwin-arm64 54ms (cache miss)
548 silly packumentCache full:https://registry.npmjs.org/@rollup%2frollup-darwin-arm64 set size:undefined disposed:false
549 silly fetch manifest @rollup/rollup-win32-ia32-msvc@4.60.1
550 silly packumentCache full:https://registry.npmjs.org/@rollup%2frollup-win32-ia32-msvc cache-miss
551 http fetch GET 200 https://registry.npmjs.org/@rollup%2frollup-win32-arm64-msvc 56ms (cache miss)
552 silly packumentCache full:https://registry.npmjs.org/@rollup%2frollup-win32-arm64-msvc set size:undefined disposed:false
553 silly fetch manifest @rollup/rollup-linux-loong64-gnu@4.60.1
554 silly packumentCache full:https://registry.npmjs.org/@rollup%2frollup-linux-loong64-gnu cache-miss
555 http fetch GET 200 https://registry.npmjs.org/@rollup%2frollup-freebsd-arm64 63ms (cache miss)
556 silly packumentCache full:https://registry.npmjs.org/@rollup%2frollup-freebsd-arm64 set size:undefined disposed:false
557 silly fetch manifest @rollup/rollup-linux-loong64-musl@4.60.1
558 silly packumentCache full:https://registry.npmjs.org/@rollup%2frollup-linux-loong64-musl cache-miss
559 http fetch GET 200 https://registry.npmjs.org/@rollup%2frollup-android-arm64 67ms (cache miss)
560 silly packumentCache full:https://registry.npmjs.org/@rollup%2frollup-android-arm64 set size:undefined disposed:false
561 silly fetch manifest @rollup/rollup-linux-riscv64-gnu@4.60.1
562 silly packumentCache full:https://registry.npmjs.org/@rollup%2frollup-linux-riscv64-gnu cache-miss
563 http fetch GET 200 https://registry.npmjs.org/@rollup%2frollup-linux-arm-gnueabihf 58ms (cache miss)
564 silly packumentCache full:https://registry.npmjs.org/@rollup%2frollup-linux-arm-gnueabihf set size:undefined disposed:false
565 silly fetch manifest @rollup/rollup-linux-riscv64-musl@4.60.1
566 silly packumentCache full:https://registry.npmjs.org/@rollup%2frollup-linux-riscv64-musl cache-miss
567 http fetch GET 200 https://registry.npmjs.org/@rollup%2frollup-win32-ia32-msvc 56ms (cache miss)
568 silly packumentCache full:https://registry.npmjs.org/@rollup%2frollup-win32-ia32-msvc set size:undefined disposed:false
569 silly fetch manifest @rollup/rollup-linux-ppc64-gnu@4.60.1
570 silly packumentCache full:https://registry.npmjs.org/@rollup%2frollup-linux-ppc64-gnu cache-miss
571 http fetch GET 200 https://registry.npmjs.org/@rollup%2frollup-linux-loong64-gnu 52ms (cache miss)
572 silly packumentCache full:https://registry.npmjs.org/@rollup%2frollup-linux-loong64-gnu set size:undefined disposed:false
573 silly fetch manifest @rollup/rollup-linux-ppc64-musl@4.60.1
574 silly packumentCache full:https://registry.npmjs.org/@rollup%2frollup-linux-ppc64-musl cache-miss
575 http fetch GET 200 https://registry.npmjs.org/@rollup%2frollup-android-arm-eabi 95ms (cache miss)
576 silly packumentCache full:https://registry.npmjs.org/@rollup%2frollup-android-arm-eabi set size:undefined disposed:false
577 silly fetch manifest @rollup/rollup-linux-s390x-gnu@4.60.1
578 silly packumentCache full:https://registry.npmjs.org/@rollup%2frollup-linux-s390x-gnu cache-miss
579 http fetch GET 200 https://registry.npmjs.org/@rollup%2frollup-linux-arm64-gnu 121ms (cache miss)
580 silly packumentCache full:https://registry.npmjs.org/@rollup%2frollup-linux-arm64-gnu set size:undefined disposed:false
581 silly fetch manifest @rollup/rollup-darwin-x64@4.60.1
582 silly packumentCache full:https://registry.npmjs.org/@rollup%2frollup-darwin-x64 cache-miss
583 http fetch GET 200 https://registry.npmjs.org/@rollup%2frollup-linux-loong64-musl 65ms (cache miss)
584 silly packumentCache full:https://registry.npmjs.org/@rollup%2frollup-linux-loong64-musl set size:undefined disposed:false
585 silly fetch manifest @rollup/rollup-win32-x64-gnu@4.60.1
586 silly packumentCache full:https://registry.npmjs.org/@rollup%2frollup-win32-x64-gnu cache-miss
587 http fetch GET 200 https://registry.npmjs.org/@rollup%2frollup-linux-arm64-musl 114ms (cache miss)
588 silly packumentCache full:https://registry.npmjs.org/@rollup%2frollup-linux-arm64-musl set size:undefined disposed:false
589 silly fetch manifest @rollup/rollup-win32-x64-msvc@4.60.1
590 silly packumentCache full:https://registry.npmjs.org/@rollup%2frollup-win32-x64-msvc cache-miss
591 http fetch GET 200 https://registry.npmjs.org/@rollup%2frollup-linux-arm-musleabihf 109ms (cache miss)
592 silly packumentCache full:https://registry.npmjs.org/@rollup%2frollup-linux-arm-musleabihf set size:undefined disposed:false
593 silly fetch manifest @rollup/rollup-freebsd-x64@4.60.1
594 silly packumentCache full:https://registry.npmjs.org/@rollup%2frollup-freebsd-x64 cache-miss
595 http fetch GET 200 https://registry.npmjs.org/@rollup%2frollup-linux-ppc64-gnu 54ms (cache miss)
596 silly packumentCache full:https://registry.npmjs.org/@rollup%2frollup-linux-ppc64-gnu set size:undefined disposed:false
597 silly fetch manifest @rollup/rollup-linux-x64-gnu@4.60.1
598 silly packumentCache full:https://registry.npmjs.org/@rollup%2frollup-linux-x64-gnu cache-miss
599 http fetch GET 200 https://registry.npmjs.org/@rollup%2frollup-linux-riscv64-gnu 78ms (cache miss)
600 silly packumentCache full:https://registry.npmjs.org/@rollup%2frollup-linux-riscv64-gnu set size:undefined disposed:false
601 silly fetch manifest @rollup/rollup-linux-x64-musl@4.60.1
602 silly packumentCache full:https://registry.npmjs.org/@rollup%2frollup-linux-x64-musl cache-miss
603 http fetch GET 200 https://registry.npmjs.org/@rollup%2frollup-linux-s390x-gnu 55ms (cache miss)
604 silly packumentCache full:https://registry.npmjs.org/@rollup%2frollup-linux-s390x-gnu set size:undefined disposed:false
605 silly fetch manifest @rollup/rollup-openbsd-x64@4.60.1
606 silly packumentCache full:https://registry.npmjs.org/@rollup%2frollup-openbsd-x64 cache-miss
607 http fetch GET 200 https://registry.npmjs.org/@rollup%2frollup-linux-ppc64-musl 63ms (cache miss)
608 silly packumentCache full:https://registry.npmjs.org/@rollup%2frollup-linux-ppc64-musl set size:undefined disposed:false
609 silly fetch manifest @rollup/rollup-openharmony-arm64@4.60.1
610 silly packumentCache full:https://registry.npmjs.org/@rollup%2frollup-openharmony-arm64 cache-miss
611 http fetch GET 200 https://registry.npmjs.org/@rollup%2frollup-win32-x64-gnu 56ms (cache miss)
612 silly packumentCache full:https://registry.npmjs.org/@rollup%2frollup-win32-x64-gnu set size:undefined disposed:false
613 http fetch GET 200 https://registry.npmjs.org/@rollup%2frollup-darwin-x64 67ms (cache miss)
614 silly packumentCache full:https://registry.npmjs.org/@rollup%2frollup-darwin-x64 set size:undefined disposed:false
615 http fetch GET 200 https://registry.npmjs.org/@rollup%2frollup-freebsd-x64 67ms (cache miss)
616 silly packumentCache full:https://registry.npmjs.org/@rollup%2frollup-freebsd-x64 set size:undefined disposed:false
617 http fetch GET 200 https://registry.npmjs.org/@rollup%2frollup-linux-x64-musl 66ms (cache miss)
618 silly packumentCache full:https://registry.npmjs.org/@rollup%2frollup-linux-x64-musl set size:undefined disposed:false
619 http fetch GET 200 https://registry.npmjs.org/@rollup%2frollup-win32-x64-msvc 85ms (cache miss)
620 silly packumentCache full:https://registry.npmjs.org/@rollup%2frollup-win32-x64-msvc set size:undefined disposed:false
621 http fetch GET 200 https://registry.npmjs.org/@rollup%2frollup-openbsd-x64 50ms (cache miss)
622 silly packumentCache full:https://registry.npmjs.org/@rollup%2frollup-openbsd-x64 set size:undefined disposed:false
623 http fetch GET 200 https://registry.npmjs.org/@rollup%2frollup-linux-x64-gnu 87ms (cache miss)
624 silly packumentCache full:https://registry.npmjs.org/@rollup%2frollup-linux-x64-gnu set size:undefined disposed:false
625 http fetch GET 200 https://registry.npmjs.org/@rollup%2frollup-openharmony-arm64 67ms (cache miss)
626 silly packumentCache full:https://registry.npmjs.org/@rollup%2frollup-openharmony-arm64 set size:undefined disposed:false
627 http fetch GET 200 https://registry.npmjs.org/@rollup%2frollup-linux-riscv64-musl 181ms (cache miss)
628 silly packumentCache full:https://registry.npmjs.org/@rollup%2frollup-linux-riscv64-musl set size:undefined disposed:false
629 silly placeDep ROOT @esbuild/aix-ppc64@0.25.12 OK for: esbuild@0.25.12 want: 0.25.12
630 silly placeDep ROOT @esbuild/android-arm@0.25.12 OK for: esbuild@0.25.12 want: 0.25.12
631 silly placeDep ROOT @esbuild/android-arm64@0.25.12 OK for: esbuild@0.25.12 want: 0.25.12
632 silly placeDep ROOT @esbuild/android-x64@0.25.12 OK for: esbuild@0.25.12 want: 0.25.12
633 silly placeDep ROOT @esbuild/darwin-arm64@0.25.12 OK for: esbuild@0.25.12 want: 0.25.12
634 silly placeDep ROOT @esbuild/darwin-x64@0.25.12 OK for: esbuild@0.25.12 want: 0.25.12
635 silly placeDep ROOT @esbuild/freebsd-arm64@0.25.12 OK for: esbuild@0.25.12 want: 0.25.12
636 silly placeDep ROOT @esbuild/freebsd-x64@0.25.12 OK for: esbuild@0.25.12 want: 0.25.12
637 silly placeDep ROOT @esbuild/linux-arm@0.25.12 OK for: esbuild@0.25.12 want: 0.25.12
638 silly placeDep ROOT @esbuild/linux-arm64@0.25.12 OK for: esbuild@0.25.12 want: 0.25.12
639 silly placeDep ROOT @esbuild/linux-ia32@0.25.12 OK for: esbuild@0.25.12 want: 0.25.12
640 silly placeDep ROOT @esbuild/linux-loong64@0.25.12 OK for: esbuild@0.25.12 want: 0.25.12
641 silly placeDep ROOT @esbuild/linux-mips64el@0.25.12 OK for: esbuild@0.25.12 want: 0.25.12
642 silly placeDep ROOT @esbuild/linux-ppc64@0.25.12 OK for: esbuild@0.25.12 want: 0.25.12
643 silly placeDep ROOT @esbuild/linux-riscv64@0.25.12 OK for: esbuild@0.25.12 want: 0.25.12
644 silly placeDep ROOT @esbuild/linux-s390x@0.25.12 OK for: esbuild@0.25.12 want: 0.25.12
645 silly placeDep ROOT @esbuild/linux-x64@0.25.12 OK for: esbuild@0.25.12 want: 0.25.12
646 silly placeDep ROOT @esbuild/netbsd-arm64@0.25.12 OK for: esbuild@0.25.12 want: 0.25.12
647 silly placeDep ROOT @esbuild/netbsd-x64@0.25.12 OK for: esbuild@0.25.12 want: 0.25.12
648 silly placeDep ROOT @esbuild/openbsd-arm64@0.25.12 OK for: esbuild@0.25.12 want: 0.25.12
649 silly placeDep ROOT @esbuild/openbsd-x64@0.25.12 OK for: esbuild@0.25.12 want: 0.25.12
650 silly placeDep ROOT @esbuild/openharmony-arm64@0.25.12 OK for: esbuild@0.25.12 want: 0.25.12
651 silly placeDep ROOT @esbuild/sunos-x64@0.25.12 OK for: esbuild@0.25.12 want: 0.25.12
652 silly placeDep ROOT @esbuild/win32-arm64@0.25.12 OK for: esbuild@0.25.12 want: 0.25.12
653 silly placeDep ROOT @esbuild/win32-ia32@0.25.12 OK for: esbuild@0.25.12 want: 0.25.12
654 silly placeDep ROOT @esbuild/win32-x64@0.25.12 OK for: esbuild@0.25.12 want: 0.25.12
655 silly placeDep ROOT nanoid@3.3.11 OK for: postcss@8.5.8 want: ^3.3.11
656 silly placeDep ROOT source-map-js@1.2.1 OK for: postcss@8.5.8 want: ^1.2.1
657 silly placeDep ROOT @rollup/rollup-android-arm-eabi@4.60.1 OK for: rollup@4.60.1 want: 4.60.1
658 silly placeDep ROOT @rollup/rollup-android-arm64@4.60.1 OK for: rollup@4.60.1 want: 4.60.1
659 silly placeDep ROOT @rollup/rollup-darwin-arm64@4.60.1 OK for: rollup@4.60.1 want: 4.60.1
660 silly placeDep ROOT @rollup/rollup-darwin-x64@4.60.1 OK for: rollup@4.60.1 want: 4.60.1
661 silly placeDep ROOT @rollup/rollup-freebsd-arm64@4.60.1 OK for: rollup@4.60.1 want: 4.60.1
662 silly placeDep ROOT @rollup/rollup-freebsd-x64@4.60.1 OK for: rollup@4.60.1 want: 4.60.1
663 silly placeDep ROOT @rollup/rollup-linux-arm-gnueabihf@4.60.1 OK for: rollup@4.60.1 want: 4.60.1
664 silly placeDep ROOT @rollup/rollup-linux-arm-musleabihf@4.60.1 OK for: rollup@4.60.1 want: 4.60.1
665 silly placeDep ROOT @rollup/rollup-linux-arm64-gnu@4.60.1 OK for: rollup@4.60.1 want: 4.60.1
666 silly placeDep ROOT @rollup/rollup-linux-arm64-musl@4.60.1 OK for: rollup@4.60.1 want: 4.60.1
667 silly placeDep ROOT @rollup/rollup-linux-loong64-gnu@4.60.1 OK for: rollup@4.60.1 want: 4.60.1
668 silly placeDep ROOT @rollup/rollup-linux-loong64-musl@4.60.1 OK for: rollup@4.60.1 want: 4.60.1
669 silly placeDep ROOT @rollup/rollup-linux-ppc64-gnu@4.60.1 OK for: rollup@4.60.1 want: 4.60.1
670 silly placeDep ROOT @rollup/rollup-linux-ppc64-musl@4.60.1 OK for: rollup@4.60.1 want: 4.60.1
671 silly placeDep ROOT @rollup/rollup-linux-riscv64-gnu@4.60.1 OK for: rollup@4.60.1 want: 4.60.1
672 silly placeDep ROOT @rollup/rollup-linux-riscv64-musl@4.60.1 OK for: rollup@4.60.1 want: 4.60.1
673 silly placeDep ROOT @rollup/rollup-linux-s390x-gnu@4.60.1 OK for: rollup@4.60.1 want: 4.60.1
674 silly placeDep ROOT @rollup/rollup-linux-x64-gnu@4.60.1 OK for: rollup@4.60.1 want: 4.60.1
675 silly placeDep ROOT @rollup/rollup-linux-x64-musl@4.60.1 OK for: rollup@4.60.1 want: 4.60.1
676 silly placeDep ROOT @rollup/rollup-openbsd-x64@4.60.1 OK for: rollup@4.60.1 want: 4.60.1
677 silly placeDep ROOT @rollup/rollup-openharmony-arm64@4.60.1 OK for: rollup@4.60.1 want: 4.60.1
678 silly placeDep ROOT @rollup/rollup-win32-arm64-msvc@4.60.1 OK for: rollup@4.60.1 want: 4.60.1
679 silly placeDep ROOT @rollup/rollup-win32-ia32-msvc@4.60.1 OK for: rollup@4.60.1 want: 4.60.1
680 silly placeDep ROOT @rollup/rollup-win32-x64-gnu@4.60.1 OK for: rollup@4.60.1 want: 4.60.1
681 silly placeDep ROOT @rollup/rollup-win32-x64-msvc@4.60.1 OK for: rollup@4.60.1 want: 4.60.1
682 silly placeDep ROOT @types/estree@1.0.8 OK for: rollup@4.60.1 want: 1.0.8
683 silly reify moves {}
684 silly audit bulk request {
684 silly audit   '@vitejs/plugin-react': [ '4.7.0' ],
684 silly audit   vite: [ '6.4.1' ],
684 silly audit   react: [ '18.3.1' ],
684 silly audit   'react-dom': [ '18.3.1' ],
684 silly audit   '@babel/core': [ '7.29.0' ],
684 silly audit   '@babel/plugin-transform-react-jsx-self': [ '7.27.1' ],
684 silly audit   '@babel/plugin-transform-react-jsx-source': [ '7.27.1' ],
684 silly audit   '@rolldown/pluginutils': [ '1.0.0-beta.27' ],
684 silly audit   '@types/babel__core': [ '7.20.5' ],
684 silly audit   'react-refresh': [ '0.17.0' ],
684 silly audit   '@babel/code-frame': [ '7.29.0' ],
684 silly audit   '@babel/generator': [ '7.29.1' ],
684 silly audit   '@babel/helper-compilation-targets': [ '7.28.6' ],
684 silly audit   '@babel/helper-module-transforms': [ '7.28.6' ],
684 silly audit   '@babel/helpers': [ '7.29.2' ],
684 silly audit   '@babel/parser': [ '7.29.2' ],
684 silly audit   '@babel/template': [ '7.28.6' ],
684 silly audit   '@babel/traverse': [ '7.29.0' ],
684 silly audit   '@babel/types': [ '7.29.0' ],
684 silly audit   '@jridgewell/remapping': [ '2.3.5' ],
684 silly audit   'convert-source-map': [ '2.0.0' ],
684 silly audit   debug: [ '4.4.3' ],
684 silly audit   gensync: [ '1.0.0-beta.2' ],
684 silly audit   json5: [ '2.2.3' ],
684 silly audit   semver: [ '6.3.1' ],
684 silly audit   '@babel/helper-validator-identifier': [ '7.28.5' ],
684 silly audit   'js-tokens': [ '4.0.0' ],
684 silly audit   picocolors: [ '1.1.1' ],
684 silly audit   '@jridgewell/gen-mapping': [ '0.3.13' ],
684 silly audit   '@jridgewell/trace-mapping': [ '0.3.31' ],
684 silly audit   jsesc: [ '3.1.0' ],
684 silly audit   '@babel/compat-data': [ '7.29.0' ],
684 silly audit   '@babel/helper-validator-option': [ '7.27.1' ],
684 silly audit   browserslist: [ '4.28.1' ],
684 silly audit   'lru-cache': [ '5.1.1' ],
684 silly audit   '@babel/helper-module-imports': [ '7.28.6' ],
684 silly audit   '@babel/helper-plugin-utils': [ '7.28.6' ],
684 silly audit   '@babel/helper-globals': [ '7.28.0' ],
684 silly audit   '@babel/helper-string-parser': [ '7.27.1' ],
684 silly audit   '@jridgewell/sourcemap-codec': [ '1.5.5' ],
684 silly audit   '@jridgewell/resolve-uri': [ '3.1.2' ],
684 silly audit   '@types/babel__generator': [ '7.27.0' ],
684 silly audit   '@types/babel__template': [ '7.4.4' ],
684 silly audit   '@types/babel__traverse': [ '7.28.0' ],
684 silly audit   'baseline-browser-mapping': [ '2.10.12' ],
684 silly audit   'caniuse-lite': [ '1.0.30001782' ],
684 silly audit   'electron-to-chromium': [ '1.5.328' ],
684 silly audit   'node-releases': [ '2.0.36' ],
684 silly audit   'update-browserslist-db': [ '1.2.3' ],
684 silly audit   ms: [ '2.1.3' ],
684 silly audit   yallist: [ '3.1.1' ],
684 silly audit   'loose-envify': [ '1.4.0' ],
684 silly audit   scheduler: [ '0.23.2' ],
684 silly audit   escalade: [ '3.2.0' ],
684 silly audit   esbuild: [ '0.25.12' ],
684 silly audit   fdir: [ '6.5.0' ],
684 silly audit   fsevents: [ '2.3.3' ],
684 silly audit   picomatch: [ '4.0.4' ],
684 silly audit   postcss: [ '8.5.8' ],
684 silly audit   rollup: [ '4.60.1' ],
684 silly audit   tinyglobby: [ '0.2.15' ],
684 silly audit   '@esbuild/aix-ppc64': [ '0.25.12' ],
684 silly audit   '@esbuild/android-arm': [ '0.25.12' ],
684 silly audit   '@esbuild/android-arm64': [ '0.25.12' ],
684 silly audit   '@esbuild/android-x64': [ '0.25.12' ],
684 silly audit   '@esbuild/darwin-arm64': [ '0.25.12' ],
684 silly audit   '@esbuild/darwin-x64': [ '0.25.12' ],
684 silly audit   '@esbuild/freebsd-arm64': [ '0.25.12' ],
684 silly audit   '@esbuild/freebsd-x64': [ '0.25.12' ],
684 silly audit   '@esbuild/linux-arm': [ '0.25.12' ],
684 silly audit   '@esbuild/linux-arm64': [ '0.25.12' ],
684 silly audit   '@esbuild/linux-ia32': [ '0.25.12' ],
684 silly audit   '@esbuild/linux-loong64': [ '0.25.12' ],
684 silly audit   '@esbuild/linux-mips64el': [ '0.25.12' ],
684 silly audit   '@esbuild/linux-ppc64': [ '0.25.12' ],
684 silly audit   '@esbuild/linux-riscv64': [ '0.25.12' ],
684 silly audit   '@esbuild/linux-s390x': [ '0.25.12' ],
684 silly audit   '@esbuild/linux-x64': [ '0.25.12' ],
684 silly audit   '@esbuild/netbsd-arm64': [ '0.25.12' ],
684 silly audit   '@esbuild/netbsd-x64': [ '0.25.12' ],
684 silly audit   '@esbuild/openbsd-arm64': [ '0.25.12' ],
684 silly audit   '@esbuild/openbsd-x64': [ '0.25.12' ],
684 silly audit   '@esbuild/openharmony-arm64': [ '0.25.12' ],
684 silly audit   '@esbuild/sunos-x64': [ '0.25.12' ],
684 silly audit   '@esbuild/win32-arm64': [ '0.25.12' ],
684 silly audit   '@esbuild/win32-ia32': [ '0.25.12' ],
684 silly audit   '@esbuild/win32-x64': [ '0.25.12' ],
684 silly audit   nanoid: [ '3.3.11' ],
684 silly audit   'source-map-js': [ '1.2.1' ],
684 silly audit   '@rollup/rollup-android-arm-eabi': [ '4.60.1' ],
684 silly audit   '@rollup/rollup-android-arm64': [ '4.60.1' ],
684 silly audit   '@rollup/rollup-darwin-arm64': [ '4.60.1' ],
684 silly audit   '@rollup/rollup-darwin-x64': [ '4.60.1' ],
684 silly audit   '@rollup/rollup-freebsd-arm64': [ '4.60.1' ],
684 silly audit   '@rollup/rollup-freebsd-x64': [ '4.60.1' ],
684 silly audit   '@rollup/rollup-linux-arm-gnueabihf': [ '4.60.1' ],
684 silly audit   '@rollup/rollup-linux-arm-musleabihf': [ '4.60.1' ],
684 silly audit   '@rollup/rollup-linux-arm64-gnu': [ '4.60.1' ],
684 silly audit   '@rollup/rollup-linux-arm64-musl': [ '4.60.1' ],
684 silly audit   '@rollup/rollup-linux-loong64-gnu': [ '4.60.1' ],
684 silly audit   '@rollup/rollup-linux-loong64-musl': [ '4.60.1' ],
684 silly audit   '@rollup/rollup-linux-ppc64-gnu': [ '4.60.1' ],
684 silly audit   '@rollup/rollup-linux-ppc64-musl': [ '4.60.1' ],
684 silly audit   '@rollup/rollup-linux-riscv64-gnu': [ '4.60.1' ],
684 silly audit   '@rollup/rollup-linux-riscv64-musl': [ '4.60.1' ],
684 silly audit   '@rollup/rollup-linux-s390x-gnu': [ '4.60.1' ],
684 silly audit   '@rollup/rollup-linux-x64-gnu': [ '4.60.1' ],
684 silly audit   '@rollup/rollup-linux-x64-musl': [ '4.60.1' ],
684 silly audit   '@rollup/rollup-openbsd-x64': [ '4.60.1' ],
684 silly audit   '@rollup/rollup-openharmony-arm64': [ '4.60.1' ],
684 silly audit   '@rollup/rollup-win32-arm64-msvc': [ '4.60.1' ],
684 silly audit   '@rollup/rollup-win32-ia32-msvc': [ '4.60.1' ],
684 silly audit   '@rollup/rollup-win32-x64-gnu': [ '4.60.1' ],
684 silly audit   '@rollup/rollup-win32-x64-msvc': [ '4.60.1' ],
684 silly audit   '@types/estree': [ '1.0.8' ]
684 silly audit }
685 http cache @esbuild/darwin-arm64@https://registry.npmjs.org/@esbuild/darwin-arm64/-/darwin-arm64-0.25.12.tgz 0ms (cache hit)
686 http cache @types/estree@https://registry.npmjs.org/@types/estree/-/estree-1.0.8.tgz 0ms (cache hit)
687 http cache @rollup/rollup-darwin-arm64@https://registry.npmjs.org/@rollup/rollup-darwin-arm64/-/rollup-darwin-arm64-4.60.1.tgz 0ms (cache hit)
688 http cache source-map-js@https://registry.npmjs.org/source-map-js/-/source-map-js-1.2.1.tgz 0ms (cache hit)
689 http cache nanoid@https://registry.npmjs.org/nanoid/-/nanoid-3.3.11.tgz 0ms (cache hit)
690 http cache rollup@https://registry.npmjs.org/rollup/-/rollup-4.60.1.tgz 0ms (cache hit)
691 http cache tinyglobby@https://registry.npmjs.org/tinyglobby/-/tinyglobby-0.2.15.tgz 0ms (cache hit)
692 http cache fsevents@https://registry.npmjs.org/fsevents/-/fsevents-2.3.3.tgz 0ms (cache hit)
693 http cache picomatch@https://registry.npmjs.org/picomatch/-/picomatch-4.0.4.tgz 0ms (cache hit)
694 http cache postcss@https://registry.npmjs.org/postcss/-/postcss-8.5.8.tgz 0ms (cache hit)
695 http cache escalade@https://registry.npmjs.org/escalade/-/escalade-3.2.0.tgz 0ms (cache hit)
696 http cache esbuild@https://registry.npmjs.org/esbuild/-/esbuild-0.25.12.tgz 0ms (cache hit)
697 http cache scheduler@https://registry.npmjs.org/scheduler/-/scheduler-0.23.2.tgz 0ms (cache hit)
698 http cache yallist@https://registry.npmjs.org/yallist/-/yallist-3.1.1.tgz 0ms (cache hit)
699 http cache fdir@https://registry.npmjs.org/fdir/-/fdir-6.5.0.tgz 0ms (cache hit)
700 http cache update-browserslist-db@https://registry.npmjs.org/update-browserslist-db/-/update-browserslist-db-1.2.3.tgz 0ms (cache hit)
701 http cache electron-to-chromium@https://registry.npmjs.org/electron-to-chromium/-/electron-to-chromium-1.5.328.tgz 0ms (cache hit)
702 http cache loose-envify@https://registry.npmjs.org/loose-envify/-/loose-envify-1.4.0.tgz 0ms (cache hit)
703 http cache ms@https://registry.npmjs.org/ms/-/ms-2.1.3.tgz 0ms (cache hit)
704 http cache caniuse-lite@https://registry.npmjs.org/caniuse-lite/-/caniuse-lite-1.0.30001782.tgz 0ms (cache hit)
705 http cache @types/babel__traverse@https://registry.npmjs.org/@types/babel__traverse/-/babel__traverse-7.28.0.tgz 0ms (cache hit)
706 http cache @types/babel__template@https://registry.npmjs.org/@types/babel__template/-/babel__template-7.4.4.tgz 0ms (cache hit)
707 http cache node-releases@https://registry.npmjs.org/node-releases/-/node-releases-2.0.36.tgz 0ms (cache hit)
708 http cache baseline-browser-mapping@https://registry.npmjs.org/baseline-browser-mapping/-/baseline-browser-mapping-2.10.12.tgz 0ms (cache hit)
709 http cache @types/babel__generator@https://registry.npmjs.org/@types/babel__generator/-/babel__generator-7.27.0.tgz 0ms (cache hit)
710 http cache @babel/helper-globals@https://registry.npmjs.org/@babel/helper-globals/-/helper-globals-7.28.0.tgz 0ms (cache hit)
711 http cache @jridgewell/sourcemap-codec@https://registry.npmjs.org/@jridgewell/sourcemap-codec/-/sourcemap-codec-1.5.5.tgz 0ms (cache hit)
712 http cache @babel/helper-string-parser@https://registry.npmjs.org/@babel/helper-string-parser/-/helper-string-parser-7.27.1.tgz 0ms (cache hit)
713 http cache @jridgewell/resolve-uri@https://registry.npmjs.org/@jridgewell/resolve-uri/-/resolve-uri-3.1.2.tgz 0ms (cache hit)
714 http cache browserslist@https://registry.npmjs.org/browserslist/-/browserslist-4.28.1.tgz 0ms (cache hit)
715 http cache @babel/helper-validator-option@https://registry.npmjs.org/@babel/helper-validator-option/-/helper-validator-option-7.27.1.tgz 0ms (cache hit)
716 http cache @babel/helper-module-imports@https://registry.npmjs.org/@babel/helper-module-imports/-/helper-module-imports-7.28.6.tgz 0ms (cache hit)
717 http cache @babel/compat-data@https://registry.npmjs.org/@babel/compat-data/-/compat-data-7.29.0.tgz 0ms (cache hit)
718 http cache lru-cache@https://registry.npmjs.org/lru-cache/-/lru-cache-5.1.1.tgz 0ms (cache hit)
719 http cache picocolors@https://registry.npmjs.org/picocolors/-/picocolors-1.1.1.tgz 0ms (cache hit)
720 http cache @babel/helper-plugin-utils@https://registry.npmjs.org/@babel/helper-plugin-utils/-/helper-plugin-utils-7.28.6.tgz 0ms (cache hit)
721 http cache @jridgewell/gen-mapping@https://registry.npmjs.org/@jridgewell/gen-mapping/-/gen-mapping-0.3.13.tgz 0ms (cache hit)
722 http cache jsesc@https://registry.npmjs.org/jsesc/-/jsesc-3.1.0.tgz 0ms (cache hit)
723 http cache @jridgewell/trace-mapping@https://registry.npmjs.org/@jridgewell/trace-mapping/-/trace-mapping-0.3.31.tgz 0ms (cache hit)
724 http cache @babel/helper-validator-identifier@https://registry.npmjs.org/@babel/helper-validator-identifier/-/helper-validator-identifier-7.28.5.tgz 0ms (cache hit)
725 http cache js-tokens@https://registry.npmjs.org/js-tokens/-/js-tokens-4.0.0.tgz 0ms (cache hit)
726 http cache semver@https://registry.npmjs.org/semver/-/semver-6.3.1.tgz 0ms (cache hit)
727 http cache json5@https://registry.npmjs.org/json5/-/json5-2.2.3.tgz 0ms (cache hit)
728 http cache debug@https://registry.npmjs.org/debug/-/debug-4.4.3.tgz 0ms (cache hit)
729 http cache convert-source-map@https://registry.npmjs.org/convert-source-map/-/convert-source-map-2.0.0.tgz 0ms (cache hit)
730 http cache @babel/types@https://registry.npmjs.org/@babel/types/-/types-7.29.0.tgz 0ms (cache hit)
731 http cache @jridgewell/remapping@https://registry.npmjs.org/@jridgewell/remapping/-/remapping-2.3.5.tgz 0ms (cache hit)
732 http cache gensync@https://registry.npmjs.org/gensync/-/gensync-1.0.0-beta.2.tgz 0ms (cache hit)
733 http cache @babel/traverse@https://registry.npmjs.org/@babel/traverse/-/traverse-7.29.0.tgz 0ms (cache hit)
734 http cache @babel/helper-module-transforms@https://registry.npmjs.org/@babel/helper-module-transforms/-/helper-module-transforms-7.28.6.tgz 0ms (cache hit)
735 http cache @babel/parser@https://registry.npmjs.org/@babel/parser/-/parser-7.29.2.tgz 0ms (cache hit)
736 http cache @babel/template@https://registry.npmjs.org/@babel/template/-/template-7.28.6.tgz 0ms (cache hit)
737 http cache @babel/code-frame@https://registry.npmjs.org/@babel/code-frame/-/code-frame-7.29.0.tgz 0ms (cache hit)
738 http cache @babel/generator@https://registry.npmjs.org/@babel/generator/-/generator-7.29.1.tgz 0ms (cache hit)
739 http cache @babel/helpers@https://registry.npmjs.org/@babel/helpers/-/helpers-7.29.2.tgz 0ms (cache hit)
740 http cache @babel/helper-compilation-targets@https://registry.npmjs.org/@babel/helper-compilation-targets/-/helper-compilation-targets-7.28.6.tgz 0ms (cache hit)
741 http cache react-refresh@https://registry.npmjs.org/react-refresh/-/react-refresh-0.17.0.tgz 0ms (cache hit)
742 http cache @types/babel__core@https://registry.npmjs.org/@types/babel__core/-/babel__core-7.20.5.tgz 0ms (cache hit)
743 http cache @rolldown/pluginutils@https://registry.npmjs.org/@rolldown/pluginutils/-/pluginutils-1.0.0-beta.27.tgz 0ms (cache hit)
744 http cache @babel/plugin-transform-react-jsx-source@https://registry.npmjs.org/@babel/plugin-transform-react-jsx-source/-/plugin-transform-react-jsx-source-7.27.1.tgz 0ms (cache hit)
745 http cache @babel/plugin-transform-react-jsx-self@https://registry.npmjs.org/@babel/plugin-transform-react-jsx-self/-/plugin-transform-react-jsx-self-7.27.1.tgz 0ms (cache hit)
746 http cache react-dom@https://registry.npmjs.org/react-dom/-/react-dom-18.3.1.tgz 0ms (cache hit)
747 http cache @babel/core@https://registry.npmjs.org/@babel/core/-/core-7.29.0.tgz 0ms (cache hit)
748 silly tarball no local data for @esbuild/darwin-arm64@https://registry.npmjs.org/@esbuild/darwin-arm64/-/darwin-arm64-0.25.12.tgz. Extracting by manifest.
749 silly tarball no local data for @types/estree@https://registry.npmjs.org/@types/estree/-/estree-1.0.8.tgz. Extracting by manifest.
750 silly tarball no local data for @rollup/rollup-darwin-arm64@https://registry.npmjs.org/@rollup/rollup-darwin-arm64/-/rollup-darwin-arm64-4.60.1.tgz. Extracting by manifest.
751 silly tarball no local data for source-map-js@https://registry.npmjs.org/source-map-js/-/source-map-js-1.2.1.tgz. Extracting by manifest.
752 silly tarball no local data for nanoid@https://registry.npmjs.org/nanoid/-/nanoid-3.3.11.tgz. Extracting by manifest.
753 silly tarball no local data for rollup@https://registry.npmjs.org/rollup/-/rollup-4.60.1.tgz. Extracting by manifest.
754 silly tarball no local data for tinyglobby@https://registry.npmjs.org/tinyglobby/-/tinyglobby-0.2.15.tgz. Extracting by manifest.
755 silly tarball no local data for fsevents@https://registry.npmjs.org/fsevents/-/fsevents-2.3.3.tgz. Extracting by manifest.
756 silly tarball no local data for picomatch@https://registry.npmjs.org/picomatch/-/picomatch-4.0.4.tgz. Extracting by manifest.
757 silly tarball no local data for postcss@https://registry.npmjs.org/postcss/-/postcss-8.5.8.tgz. Extracting by manifest.
758 silly tarball no local data for escalade@https://registry.npmjs.org/escalade/-/escalade-3.2.0.tgz. Extracting by manifest.
759 silly tarball no local data for esbuild@https://registry.npmjs.org/esbuild/-/esbuild-0.25.12.tgz. Extracting by manifest.
760 http cache @vitejs/plugin-react@https://registry.npmjs.org/@vitejs/plugin-react/-/plugin-react-4.7.0.tgz 0ms (cache hit)
761 silly tarball no local data for scheduler@https://registry.npmjs.org/scheduler/-/scheduler-0.23.2.tgz. Extracting by manifest.
762 silly tarball no local data for yallist@https://registry.npmjs.org/yallist/-/yallist-3.1.1.tgz. Extracting by manifest.
763 silly tarball no local data for fdir@https://registry.npmjs.org/fdir/-/fdir-6.5.0.tgz. Extracting by manifest.
764 silly tarball no local data for update-browserslist-db@https://registry.npmjs.org/update-browserslist-db/-/update-browserslist-db-1.2.3.tgz. Extracting by manifest.
765 silly tarball no local data for electron-to-chromium@https://registry.npmjs.org/electron-to-chromium/-/electron-to-chromium-1.5.328.tgz. Extracting by manifest.
766 silly tarball no local data for loose-envify@https://registry.npmjs.org/loose-envify/-/loose-envify-1.4.0.tgz. Extracting by manifest.
767 silly tarball no local data for ms@https://registry.npmjs.org/ms/-/ms-2.1.3.tgz. Extracting by manifest.
768 silly tarball no local data for caniuse-lite@https://registry.npmjs.org/caniuse-lite/-/caniuse-lite-1.0.30001782.tgz. Extracting by manifest.
769 silly tarball no local data for @types/babel__traverse@https://registry.npmjs.org/@types/babel__traverse/-/babel__traverse-7.28.0.tgz. Extracting by manifest.
770 silly tarball no local data for @types/babel__template@https://registry.npmjs.org/@types/babel__template/-/babel__template-7.4.4.tgz. Extracting by manifest.
771 silly tarball no local data for node-releases@https://registry.npmjs.org/node-releases/-/node-releases-2.0.36.tgz. Extracting by manifest.
772 silly tarball no local data for baseline-browser-mapping@https://registry.npmjs.org/baseline-browser-mapping/-/baseline-browser-mapping-2.10.12.tgz. Extracting by manifest.
773 silly tarball no local data for @types/babel__generator@https://registry.npmjs.org/@types/babel__generator/-/babel__generator-7.27.0.tgz. Extracting by manifest.
774 http cache vite@https://registry.npmjs.org/vite/-/vite-6.4.1.tgz 0ms (cache hit)
775 silly tarball no local data for @babel/helper-globals@https://registry.npmjs.org/@babel/helper-globals/-/helper-globals-7.28.0.tgz. Extracting by manifest.
776 silly tarball no local data for @jridgewell/sourcemap-codec@https://registry.npmjs.org/@jridgewell/sourcemap-codec/-/sourcemap-codec-1.5.5.tgz. Extracting by manifest.
777 silly tarball no local data for @babel/helper-string-parser@https://registry.npmjs.org/@babel/helper-string-parser/-/helper-string-parser-7.27.1.tgz. Extracting by manifest.
778 http cache react@https://registry.npmjs.org/react/-/react-18.3.1.tgz 0ms (cache hit)
779 silly tarball no local data for @jridgewell/resolve-uri@https://registry.npmjs.org/@jridgewell/resolve-uri/-/resolve-uri-3.1.2.tgz. Extracting by manifest.
780 silly tarball no local data for browserslist@https://registry.npmjs.org/browserslist/-/browserslist-4.28.1.tgz. Extracting by manifest.
781 silly tarball no local data for @babel/helper-validator-option@https://registry.npmjs.org/@babel/helper-validator-option/-/helper-validator-option-7.27.1.tgz. Extracting by manifest.
782 silly tarball no local data for @babel/helper-module-imports@https://registry.npmjs.org/@babel/helper-module-imports/-/helper-module-imports-7.28.6.tgz. Extracting by manifest.
783 silly tarball no local data for @babel/compat-data@https://registry.npmjs.org/@babel/compat-data/-/compat-data-7.29.0.tgz. Extracting by manifest.
784 silly tarball no local data for lru-cache@https://registry.npmjs.org/lru-cache/-/lru-cache-5.1.1.tgz. Extracting by manifest.
785 silly tarball no local data for picocolors@https://registry.npmjs.org/picocolors/-/picocolors-1.1.1.tgz. Extracting by manifest.
786 silly tarball no local data for @babel/helper-plugin-utils@https://registry.npmjs.org/@babel/helper-plugin-utils/-/helper-plugin-utils-7.28.6.tgz. Extracting by manifest.
787 silly tarball no local data for @jridgewell/gen-mapping@https://registry.npmjs.org/@jridgewell/gen-mapping/-/gen-mapping-0.3.13.tgz. Extracting by manifest.
788 silly tarball no local data for jsesc@https://registry.npmjs.org/jsesc/-/jsesc-3.1.0.tgz. Extracting by manifest.
789 silly tarball no local data for @jridgewell/trace-mapping@https://registry.npmjs.org/@jridgewell/trace-mapping/-/trace-mapping-0.3.31.tgz. Extracting by manifest.
790 silly tarball no local data for @babel/helper-validator-identifier@https://registry.npmjs.org/@babel/helper-validator-identifier/-/helper-validator-identifier-7.28.5.tgz. Extracting by manifest.
791 silly tarball no local data for js-tokens@https://registry.npmjs.org/js-tokens/-/js-tokens-4.0.0.tgz. Extracting by manifest.
792 silly tarball no local data for semver@https://registry.npmjs.org/semver/-/semver-6.3.1.tgz. Extracting by manifest.
793 silly tarball no local data for json5@https://registry.npmjs.org/json5/-/json5-2.2.3.tgz. Extracting by manifest.
794 silly tarball no local data for debug@https://registry.npmjs.org/debug/-/debug-4.4.3.tgz. Extracting by manifest.
795 silly tarball no local data for convert-source-map@https://registry.npmjs.org/convert-source-map/-/convert-source-map-2.0.0.tgz. Extracting by manifest.
796 silly tarball no local data for @babel/types@https://registry.npmjs.org/@babel/types/-/types-7.29.0.tgz. Extracting by manifest.
797 silly tarball no local data for @jridgewell/remapping@https://registry.npmjs.org/@jridgewell/remapping/-/remapping-2.3.5.tgz. Extracting by manifest.
798 silly tarball no local data for gensync@https://registry.npmjs.org/gensync/-/gensync-1.0.0-beta.2.tgz. Extracting by manifest.
799 silly tarball no local data for @babel/traverse@https://registry.npmjs.org/@babel/traverse/-/traverse-7.29.0.tgz. Extracting by manifest.
800 silly tarball no local data for @babel/helper-module-transforms@https://registry.npmjs.org/@babel/helper-module-transforms/-/helper-module-transforms-7.28.6.tgz. Extracting by manifest.
801 silly tarball no local data for @babel/parser@https://registry.npmjs.org/@babel/parser/-/parser-7.29.2.tgz. Extracting by manifest.
802 silly tarball no local data for @babel/template@https://registry.npmjs.org/@babel/template/-/template-7.28.6.tgz. Extracting by manifest.
803 silly tarball no local data for @babel/code-frame@https://registry.npmjs.org/@babel/code-frame/-/code-frame-7.29.0.tgz. Extracting by manifest.
804 silly tarball no local data for @babel/generator@https://registry.npmjs.org/@babel/generator/-/generator-7.29.1.tgz. Extracting by manifest.
805 silly tarball no local data for @babel/helpers@https://registry.npmjs.org/@babel/helpers/-/helpers-7.29.2.tgz. Extracting by manifest.
806 silly tarball no local data for @babel/helper-compilation-targets@https://registry.npmjs.org/@babel/helper-compilation-targets/-/helper-compilation-targets-7.28.6.tgz. Extracting by manifest.
807 silly tarball no local data for react-refresh@https://registry.npmjs.org/react-refresh/-/react-refresh-0.17.0.tgz. Extracting by manifest.
808 silly tarball no local data for @types/babel__core@https://registry.npmjs.org/@types/babel__core/-/babel__core-7.20.5.tgz. Extracting by manifest.
809 silly tarball no local data for @rolldown/pluginutils@https://registry.npmjs.org/@rolldown/pluginutils/-/pluginutils-1.0.0-beta.27.tgz. Extracting by manifest.
810 silly tarball no local data for @babel/plugin-transform-react-jsx-source@https://registry.npmjs.org/@babel/plugin-transform-react-jsx-source/-/plugin-transform-react-jsx-source-7.27.1.tgz. Extracting by manifest.
811 silly tarball no local data for @babel/plugin-transform-react-jsx-self@https://registry.npmjs.org/@babel/plugin-transform-react-jsx-self/-/plugin-transform-react-jsx-self-7.27.1.tgz. Extracting by manifest.
812 silly tarball no local data for react-dom@https://registry.npmjs.org/react-dom/-/react-dom-18.3.1.tgz. Extracting by manifest.
813 silly tarball no local data for @babel/core@https://registry.npmjs.org/@babel/core/-/core-7.29.0.tgz. Extracting by manifest.
814 silly tarball no local data for @vitejs/plugin-react@https://registry.npmjs.org/@vitejs/plugin-react/-/plugin-react-4.7.0.tgz. Extracting by manifest.
815 silly tarball no local data for vite@https://registry.npmjs.org/vite/-/vite-6.4.1.tgz. Extracting by manifest.
816 silly tarball no local data for react@https://registry.npmjs.org/react/-/react-18.3.1.tgz. Extracting by manifest.
817 http fetch GET 200 https://registry.npmjs.org/nanoid/-/nanoid-3.3.11.tgz 59ms (cache miss)
818 http fetch GET 200 https://registry.npmjs.org/@types/estree/-/estree-1.0.8.tgz 60ms (cache miss)
819 http fetch GET 200 https://registry.npmjs.org/tinyglobby/-/tinyglobby-0.2.15.tgz 60ms (cache miss)
820 http fetch GET 200 https://registry.npmjs.org/source-map-js/-/source-map-js-1.2.1.tgz 74ms (cache miss)
821 http fetch GET 200 https://registry.npmjs.org/fsevents/-/fsevents-2.3.3.tgz 79ms (cache miss)
822 http fetch GET 200 https://registry.npmjs.org/rollup/-/rollup-4.60.1.tgz 119ms (cache miss)
823 http fetch POST 200 https://registry.npmjs.org/-/npm/v1/security/advisories/bulk 134ms
824 silly audit report {}
825 http fetch GET 200 https://registry.npmjs.org/loose-envify/-/loose-envify-1.4.0.tgz 127ms (cache miss)
826 http fetch GET 200 https://registry.npmjs.org/ms/-/ms-2.1.3.tgz 127ms (cache miss)
827 http fetch GET 200 https://registry.npmjs.org/update-browserslist-db/-/update-browserslist-db-1.2.3.tgz 127ms (cache miss)
828 http fetch GET 200 https://registry.npmjs.org/electron-to-chromium/-/electron-to-chromium-1.5.328.tgz 128ms (cache miss)
829 http fetch GET 200 https://registry.npmjs.org/@rollup/rollup-darwin-arm64/-/rollup-darwin-arm64-4.60.1.tgz 129ms (cache miss)
830 http fetch GET 200 https://registry.npmjs.org/fdir/-/fdir-6.5.0.tgz 132ms (cache miss)
831 http fetch GET 200 https://registry.npmjs.org/node-releases/-/node-releases-2.0.36.tgz 166ms (cache miss)
832 http fetch GET 200 https://registry.npmjs.org/yallist/-/yallist-3.1.1.tgz 168ms (cache miss)
833 http fetch GET 200 https://registry.npmjs.org/esbuild/-/esbuild-0.25.12.tgz 168ms (cache miss)
834 http fetch GET 200 https://registry.npmjs.org/picomatch/-/picomatch-4.0.4.tgz 174ms (cache miss)
835 http fetch GET 200 https://registry.npmjs.org/scheduler/-/scheduler-0.23.2.tgz 177ms (cache miss)
836 http fetch GET 200 https://registry.npmjs.org/baseline-browser-mapping/-/baseline-browser-mapping-2.10.12.tgz 178ms (cache miss)
837 http fetch GET 200 https://registry.npmjs.org/@types/babel__traverse/-/babel__traverse-7.28.0.tgz 178ms (cache miss)
838 http fetch GET 200 https://registry.npmjs.org/@types/babel__template/-/babel__template-7.4.4.tgz 179ms (cache miss)
839 http fetch GET 200 https://registry.npmjs.org/escalade/-/escalade-3.2.0.tgz 205ms (cache miss)
840 http fetch GET 200 https://registry.npmjs.org/@types/babel__generator/-/babel__generator-7.27.0.tgz 205ms (cache miss)
841 http fetch GET 200 https://registry.npmjs.org/@babel/helper-globals/-/helper-globals-7.28.0.tgz 205ms (cache miss)
842 http fetch GET 200 https://registry.npmjs.org/postcss/-/postcss-8.5.8.tgz 209ms (cache miss)
843 http fetch GET 200 https://registry.npmjs.org/@jridgewell/sourcemap-codec/-/sourcemap-codec-1.5.5.tgz 208ms (cache miss)
844 http fetch GET 200 https://registry.npmjs.org/lru-cache/-/lru-cache-5.1.1.tgz 210ms (cache miss)
845 http fetch GET 200 https://registry.npmjs.org/browserslist/-/browserslist-4.28.1.tgz 214ms (cache miss)
846 http fetch GET 200 https://registry.npmjs.org/@jridgewell/resolve-uri/-/resolve-uri-3.1.2.tgz 221ms (cache miss)
847 http fetch GET 200 https://registry.npmjs.org/picocolors/-/picocolors-1.1.1.tgz 229ms (cache miss)
848 http fetch GET 200 https://registry.npmjs.org/@babel/helper-string-parser/-/helper-string-parser-7.27.1.tgz 232ms (cache miss)
849 http fetch GET 200 https://registry.npmjs.org/@babel/compat-data/-/compat-data-7.29.0.tgz 234ms (cache miss)
850 http fetch GET 200 https://registry.npmjs.org/@babel/helper-plugin-utils/-/helper-plugin-utils-7.28.6.tgz 297ms (cache miss)
851 http fetch GET 200 https://registry.npmjs.org/js-tokens/-/js-tokens-4.0.0.tgz 298ms (cache miss)
852 http fetch GET 200 https://registry.npmjs.org/jsesc/-/jsesc-3.1.0.tgz 298ms (cache miss)
853 http fetch GET 200 https://registry.npmjs.org/semver/-/semver-6.3.1.tgz 299ms (cache miss)
854 http fetch GET 200 https://registry.npmjs.org/@babel/helper-validator-identifier/-/helper-validator-identifier-7.28.5.tgz 299ms (cache miss)
855 http fetch GET 200 https://registry.npmjs.org/@babel/helper-validator-option/-/helper-validator-option-7.27.1.tgz 301ms (cache miss)
856 http fetch GET 200 https://registry.npmjs.org/convert-source-map/-/convert-source-map-2.0.0.tgz 300ms (cache miss)
857 http fetch GET 200 https://registry.npmjs.org/debug/-/debug-4.4.3.tgz 303ms (cache miss)
858 http fetch GET 200 https://registry.npmjs.org/@babel/helper-module-imports/-/helper-module-imports-7.28.6.tgz 305ms (cache miss)
859 http fetch GET 200 https://registry.npmjs.org/json5/-/json5-2.2.3.tgz 314ms (cache miss)
860 http fetch GET 200 https://registry.npmjs.org/@jridgewell/gen-mapping/-/gen-mapping-0.3.13.tgz 317ms (cache miss)
861 http fetch GET 200 https://registry.npmjs.org/@jridgewell/remapping/-/remapping-2.3.5.tgz 323ms (cache miss)
862 http fetch GET 200 https://registry.npmjs.org/@babel/code-frame/-/code-frame-7.29.0.tgz 324ms (cache miss)
863 http fetch GET 200 https://registry.npmjs.org/gensync/-/gensync-1.0.0-beta.2.tgz 325ms (cache miss)
864 http fetch GET 200 https://registry.npmjs.org/@jridgewell/trace-mapping/-/trace-mapping-0.3.31.tgz 330ms (cache miss)
865 http fetch GET 200 https://registry.npmjs.org/@esbuild/darwin-arm64/-/darwin-arm64-0.25.12.tgz 336ms (cache miss)
866 http fetch GET 200 https://registry.npmjs.org/@babel/helper-compilation-targets/-/helper-compilation-targets-7.28.6.tgz 336ms (cache miss)
867 http fetch GET 200 https://registry.npmjs.org/@babel/plugin-transform-react-jsx-source/-/plugin-transform-react-jsx-source-7.27.1.tgz 344ms (cache miss)
868 http fetch GET 200 https://registry.npmjs.org/@babel/template/-/template-7.28.6.tgz 347ms (cache miss)
869 http fetch GET 200 https://registry.npmjs.org/react-refresh/-/react-refresh-0.17.0.tgz 346ms (cache miss)
870 http fetch GET 200 https://registry.npmjs.org/@types/babel__core/-/babel__core-7.20.5.tgz 355ms (cache miss)
871 http fetch GET 200 https://registry.npmjs.org/@babel/plugin-transform-react-jsx-self/-/plugin-transform-react-jsx-self-7.27.1.tgz 364ms (cache miss)
872 http fetch GET 200 https://registry.npmjs.org/@babel/generator/-/generator-7.29.1.tgz 368ms (cache miss)
873 http fetch GET 200 https://registry.npmjs.org/@babel/parser/-/parser-7.29.2.tgz 376ms (cache miss)
874 http fetch GET 200 https://registry.npmjs.org/@babel/helper-module-transforms/-/helper-module-transforms-7.28.6.tgz 376ms (cache miss)
875 http fetch GET 200 https://registry.npmjs.org/@rolldown/pluginutils/-/pluginutils-1.0.0-beta.27.tgz 378ms (cache miss)
876 http fetch GET 200 https://registry.npmjs.org/@babel/traverse/-/traverse-7.29.0.tgz 380ms (cache miss)
877 http fetch GET 200 https://registry.npmjs.org/react/-/react-18.3.1.tgz 384ms (cache miss)
878 http fetch GET 200 https://registry.npmjs.org/@vitejs/plugin-react/-/plugin-react-4.7.0.tgz 392ms (cache miss)
879 http fetch GET 200 https://registry.npmjs.org/@babel/types/-/types-7.29.0.tgz 426ms (cache miss)
880 http fetch GET 200 https://registry.npmjs.org/@babel/core/-/core-7.29.0.tgz 435ms (cache miss)
881 http fetch GET 200 https://registry.npmjs.org/react-dom/-/react-dom-18.3.1.tgz 443ms (cache miss)
882 http fetch GET 200 https://registry.npmjs.org/@babel/helpers/-/helpers-7.29.2.tgz 454ms (cache miss)
883 http fetch GET 200 https://registry.npmjs.org/vite/-/vite-6.4.1.tgz 451ms (cache miss)
884 http fetch GET 200 https://registry.npmjs.org/caniuse-lite/-/caniuse-lite-1.0.30001782.tgz 483ms (cache miss)
885 info run fsevents@2.3.3 install node_modules/fsevents node-gyp rebuild
886 info run fsevents@2.3.3 install { code: 1, signal: null }
887 verbose reify failed optional dependency /Users/timonliu/Downloads/college-ride-preview/node_modules/fsevents
888 silly reify mark deleted [
888 silly reify   '/Users/timonliu/Downloads/college-ride-preview/node_modules/fsevents'
888 silly reify ]
889 info run esbuild@0.25.12 postinstall node_modules/esbuild node install.js
890 info run esbuild@0.25.12 postinstall { code: 0, signal: null }
891 silly ADD node_modules/@types/estree
892 silly ADD node_modules/@rollup/rollup-darwin-arm64
893 silly ADD node_modules/source-map-js
894 silly ADD node_modules/nanoid
895 silly ADD node_modules/@esbuild/darwin-arm64
896 silly ADD node_modules/tinyglobby
897 silly ADD node_modules/rollup
898 silly ADD node_modules/postcss
899 silly ADD node_modules/picomatch
900 silly ADD
901 silly ADD node_modules/fdir
902 silly ADD node_modules/esbuild
903 silly ADD node_modules/escalade
904 silly ADD node_modules/scheduler
905 silly ADD node_modules/loose-envify
906 silly ADD node_modules/yallist
907 silly ADD node_modules/ms
908 silly ADD node_modules/update-browserslist-db
909 silly ADD node_modules/node-releases
910 silly ADD node_modules/electron-to-chromium
911 silly ADD node_modules/caniuse-lite
912 silly ADD node_modules/baseline-browser-mapping
913 silly ADD node_modules/@types/babel__traverse
914 silly ADD node_modules/@types/babel__template
915 silly ADD node_modules/@types/babel__generator
916 silly ADD node_modules/@jridgewell/resolve-uri
917 silly ADD node_modules/@jridgewell/sourcemap-codec
918 silly ADD node_modules/@babel/helper-string-parser
919 silly ADD node_modules/@babel/helper-globals
920 silly ADD node_modules/@babel/helper-plugin-utils
921 silly ADD node_modules/@babel/helper-module-imports
922 silly ADD node_modules/lru-cache
923 silly ADD node_modules/browserslist
924 silly ADD node_modules/@babel/helper-validator-option
925 silly ADD node_modules/@babel/compat-data
926 silly ADD node_modules/jsesc
927 silly ADD node_modules/@jridgewell/trace-mapping
928 silly ADD node_modules/@jridgewell/gen-mapping
929 silly ADD node_modules/picocolors
930 silly ADD node_modules/js-tokens
931 silly ADD node_modules/@babel/helper-validator-identifier
932 silly ADD node_modules/semver
933 silly ADD node_modules/json5
934 silly ADD node_modules/gensync
935 silly ADD node_modules/debug
936 silly ADD node_modules/convert-source-map
937 silly ADD node_modules/@jridgewell/remapping
938 silly ADD node_modules/@babel/types
939 silly ADD node_modules/@babel/traverse
940 silly ADD node_modules/@babel/template
941 silly ADD node_modules/@babel/parser
942 silly ADD node_modules/@babel/helpers
943 silly ADD node_modules/@babel/helper-module-transforms
944 silly ADD node_modules/@babel/helper-compilation-targets
945 silly ADD node_modules/@babel/generator
946 silly ADD node_modules/@babel/code-frame
947 silly ADD node_modules/react-refresh
948 silly ADD node_modules/@types/babel__core
949 silly ADD node_modules/@rolldown/pluginutils
950 silly ADD node_modules/@babel/plugin-transform-react-jsx-source
951 silly ADD node_modules/@babel/plugin-transform-react-jsx-self
952 silly ADD node_modules/@babel/core
953 silly ADD node_modules/react-dom
954 silly ADD node_modules/react
955 silly ADD node_modules/vite
956 silly ADD node_modules/@vitejs/plugin-react
957 verbose cwd /Users/timonliu/Downloads/college-ride-preview
958 verbose os Darwin 25.4.0
959 verbose node v24.14.1
960 verbose npm  v11.11.0
961 verbose exit 0
962 info ok
