0 verbose cli /usr/local/bin/node /usr/local/bin/npm
1 info using npm@11.11.0
2 info using node@v24.14.1
3 silly config load:file:/usr/local/lib/node_modules/npm/npmrc
4 silly config load:file:/Users/timonliu/Downloads/college-ride-preview/.npmrc
5 silly config load:file:/Users/timonliu/.npmrc
6 silly config load:file:/usr/local/etc/npmrc
7 verbose title npm install leaflet react-leaflet
8 verbose argv "install" "leaflet" "react-leaflet"
9 verbose logfile logs-max:10 dir:/Users/timonliu/Downloads/college-ride-preview/.npm-cache/_logs/2026-03-30T22_08_44_929Z-
10 verbose logfile /Users/timonliu/Downloads/college-ride-preview/.npm-cache/_logs/2026-03-30T22_08_44_929Z-debug-0.log
11 silly logfile done cleaning log files
12 silly packumentCache heap:4496293888 maxSize:1124073472 maxEntrySize:562036736
13 verbose shrinkwrap failed to load node_modules/.package-lock.json out of date, updated: node_modules
14 silly idealTree buildDeps
15 silly fetch manifest leaflet@*
16 silly packumentCache full:https://registry.npmjs.org/leaflet cache-miss
17 http fetch GET 200 https://registry.npmjs.org/leaflet 233ms (cache miss)
18 silly packumentCache full:https://registry.npmjs.org/leaflet set size:undefined disposed:false
19 silly fetch manifest react-leaflet@*
20 silly packumentCache full:https://registry.npmjs.org/react-leaflet cache-miss
21 http fetch GET 200 https://registry.npmjs.org/react-leaflet 52ms (cache miss)
22 silly packumentCache full:https://registry.npmjs.org/react-leaflet set size:undefined disposed:false
23 silly fetch manifest react@^18.3.1
24 silly packumentCache full:https://registry.npmjs.org/react cache-miss
25 http fetch GET 200 https://registry.npmjs.org/react 47ms (cache revalidated)
26 silly packumentCache full:https://registry.npmjs.org/react set size:6573158 disposed:false
27 silly fetch manifest react@^19.0.0
28 silly packumentCache full:https://registry.npmjs.org/react cache-miss
29 http cache https://registry.npmjs.org/react 6ms (cache hit)
30 silly packumentCache full:https://registry.npmjs.org/react set size:6573158 disposed:false
31 verbose stack Error: unable to resolve dependency tree
31 verbose stack     at #failPeerConflict (/usr/local/lib/node_modules/npm/node_modules/@npmcli/arborist/lib/arborist/build-ideal-tree.js:1415:25)
31 verbose stack     at #loadPeerSet (/usr/local/lib/node_modules/npm/node_modules/@npmcli/arborist/lib/arborist/build-ideal-tree.js:1381:33)
31 verbose stack     at async #buildDepStep (/usr/local/lib/node_modules/npm/node_modules/@npmcli/arborist/lib/arborist/build-ideal-tree.js:917:11)
31 verbose stack     at async Arborist.buildIdealTree (/usr/local/lib/node_modules/npm/node_modules/@npmcli/arborist/lib/arborist/build-ideal-tree.js:170:7)
31 verbose stack     at async Promise.all (index 1)
31 verbose stack     at async Arborist.reify (/usr/local/lib/node_modules/npm/node_modules/@npmcli/arborist/lib/arborist/reify.js:110:5)
31 verbose stack     at async Install.exec (/usr/local/lib/node_modules/npm/lib/commands/install.js:152:5)
31 verbose stack     at async Npm.exec (/usr/local/lib/node_modules/npm/lib/npm.js:209:9)
31 verbose stack     at async module.exports (/usr/local/lib/node_modules/npm/lib/cli/entry.js:67:5)
32 error code ERESOLVE
33 error ERESOLVE unable to resolve dependency tree
34 error
35 error While resolving: college-ride-preview@0.0.0
35 error Found: react@18.3.1
35 error node_modules/react
35 error   react@"^18.3.1" from the root project
35 error
35 error Could not resolve dependency:
35 error peer react@"^19.0.0" from react-leaflet@5.0.0
35 error node_modules/react-leaflet
35 error   react-leaflet@"*" from the root project
35 error
35 error Fix the upstream dependency conflict, or retry
35 error this command with --force or --legacy-peer-deps
35 error to accept an incorrect (and potentially broken) dependency resolution.
36 error
36 error
36 error For a full report see:
36 error /Users/timonliu/Downloads/college-ride-preview/.npm-cache/_logs/2026-03-30T22_08_44_929Z-eresolve-report.txt
37 silly unfinished npm timer reify 1774908525124
38 silly unfinished npm timer reify:loadTrees 1774908525125
39 silly unfinished npm timer idealTree:buildDeps 1774908525137
40 silly unfinished npm timer idealTree:#root 1774908525137
41 verbose cwd /Users/timonliu/Downloads/college-ride-preview
42 verbose os Darwin 25.4.0
43 verbose node v24.14.1
44 verbose npm  v11.11.0
45 verbose exit 1
46 verbose code 1
47 error A complete log of this run can be found in: /Users/timonliu/Downloads/college-ride-preview/.npm-cache/_logs/2026-03-30T22_08_44_929Z-debug-0.log
